Log file open, 08/01/18 22:17:05
LogWindows: Failed to load 'aqProf.dll' (GetLastError=126)
LogWindows: File 'aqProf.dll' does not exist
LogWindows: Failed to load 'VtuneApi.dll' (GetLastError=126)
LogWindows: File 'VtuneApi.dll' does not exist
LogWindows: Failed to load 'VtuneApi32e.dll' (GetLastError=126)
LogWindows: File 'VtuneApi32e.dll' does not exist
LogInit: Display: Running engine for game: TEXTURAS
LogPlatformFile: Not using cached read wrapper
LogInit: Display: RandInit(-1873386683) SRandInit(-1873386683).
LogTaskGraph: Started task graph with 5 named threads and 14 total threads with 3 sets of task threads.
LogStats: Stats thread started at 0.176389
LogD3D11RHI: Aftermath initialized
LogPluginManager: Mounting plugin Paper2D
LogPluginManager: Mounting plugin LightPropagationVolume
LogPluginManager: Mounting plugin CodeLiteSourceCodeAccess
LogPluginManager: Mounting plugin GitSourceControl
LogPluginManager: Mounting plugin KDevelopSourceCodeAccess
LogPluginManager: Mounting plugin NullSourceCodeAccess
LogPluginManager: Mounting plugin PerforceSourceControl
LogPluginManager: Mounting plugin SubversionSourceControl
LogPluginManager: Mounting plugin UObjectPlugin
LogPluginManager: Mounting plugin VisualStudioSourceCodeAccess
LogPluginManager: Mounting plugin XCodeSourceCodeAccess
LogPluginManager: Mounting plugin AssetManagerEditor
LogPluginManager: Mounting plugin AudioCapture
LogPluginManager: Mounting plugin FacialAnimation
LogPluginManager: Mounting plugin GameplayTagsEditor
LogPluginManager: Mounting plugin MobileLauncherProfileWizard
LogPluginManager: Mounting plugin PluginBrowser
LogPluginManager: Mounting plugin SpeedTreeImporter
LogPluginManager: Mounting plugin AlembicImporter
LogPluginManager: Mounting plugin CharacterAI
LogPluginManager: Mounting plugin HTML5Networking
LogPluginManager: Mounting plugin AndroidMedia
LogPluginManager: Mounting plugin AvfMedia
LogPluginManager: Mounting plugin MediaPlayerEditor
LogPluginManager: Mounting plugin WmfMedia
LogPluginManager: Mounting plugin TcpMessaging
LogPluginManager: Mounting plugin UdpMessaging
LogPluginManager: Mounting plugin LevelSequenceEditor
LogPluginManager: Mounting plugin MatineeToLevelSequence
LogPluginManager: Mounting plugin OnlineSubsystemGooglePlay
LogPluginManager: Mounting plugin OnlineSubsystemIOS
LogPluginManager: Mounting plugin OnlineSubsystem
LogPluginManager: Mounting plugin OnlineSubsystemNull
LogPluginManager: Mounting plugin OnlineSubsystemUtils
LogPluginManager: Mounting plugin AndroidDeviceProfileSelector
LogPluginManager: Mounting plugin AndroidMoviePlayer
LogPluginManager: Mounting plugin AndroidPermission
LogPluginManager: Mounting plugin AppleMoviePlayer
LogPluginManager: Mounting plugin ArchVisCharacter
LogPluginManager: Mounting plugin CableComponent
LogPluginManager: Mounting plugin CustomMeshComponent
LogPluginManager: Mounting plugin ExampleDeviceProfileSelector
LogPluginManager: Mounting plugin GoogleCloudMessaging
LogPluginManager: Mounting plugin ImmediatePhysics
LogPluginManager: Mounting plugin IOSDeviceProfileSelector
LogPluginManager: Mounting plugin LinuxDeviceProfileSelector
LogPluginManager: Mounting plugin LocationServicesBPLibrary
LogPluginManager: Mounting plugin MobilePatchingUtils
LogPluginManager: Mounting plugin OculusVR
LogPluginManager: Mounting plugin PhysXVehicles
LogPluginManager: Mounting plugin ProceduralMeshComponent
LogPluginManager: Mounting plugin RuntimePhysXCooking
LogPluginManager: Mounting plugin SteamVR
LogPluginManager: Mounting plugin WindowsMoviePlayer
LogInit: Using libcurl 7.47.1
LogInit:  - built for x86_64-pc-win32
LogInit:  - supports SSL with OpenSSL/1.0.2g
LogInit:  - supports HTTP deflate (compression) using libz 1.2.8
LogInit:  - other features:
LogInit:      CURL_VERSION_SSL
LogInit:      CURL_VERSION_LIBZ
LogInit:      CURL_VERSION_IPV6
LogInit:      CURL_VERSION_ASYNCHDNS
LogInit:      CURL_VERSION_LARGEFILE
LogInit:      CURL_VERSION_IDN
LogInit:  CurlRequestOptions (configurable via config and command line):
LogInit:  - bVerifyPeer = false  - Libcurl will NOT verify peer certificate
LogInit:  - bUseHttpProxy = false  - Libcurl will NOT use HTTP proxy
LogInit:  - bDontReuseConnections = false  - Libcurl will reuse connections
LogInit:  - CertBundlePath = nullptr  - Libcurl will use whatever was configured at build time.
LogInit: Build: ++UE4+Release-4.17-CL-3658906
LogInit: Engine Version: 4.17.2-3658906+++UE4+Release-4.17
LogInit: Compatible Engine Version: 4.17.0-3573198+++UE4+Release-4.17
LogInit: Net CL: 3573198
LogDevObjectVersion: Number of dev versions registered: 16
LogDevObjectVersion:   Dev-Blueprints (B0D832E4-1F89-4F0D-ACCF-7EB736FD4AA2): 10
LogDevObjectVersion:   Dev-Build (E1C64328-A22C-4D53-A36C-8E866417BD8C): 0
LogDevObjectVersion:   Dev-Core (375EC13C-06E4-48FB-B500-84F0262A717E): 2
LogDevObjectVersion:   Dev-Editor (E4B068ED-F494-42E9-A231-DA0B2E46BB41): 20
LogDevObjectVersion:   Dev-Framework (CFFC743F-43B0-4480-9391-14DF171D2073): 28
LogDevObjectVersion:   Dev-Mobile (B02B49B5-BB20-44E9-A304-32B752E40360): 0
LogDevObjectVersion:   Dev-Networking (A4E4105C-59A1-49B5-A7C5-40C4547EDFEE): 0
LogDevObjectVersion:   Dev-Online (39C831C9-5AE6-47DC-9A44-9C173E1C8E7C): 0
LogDevObjectVersion:   Dev-Physics (78F01B33-EBEA-4F98-B9B4-84EACCB95AA2): 0
LogDevObjectVersion:   Dev-Platform (6631380F-2D4D-43E0-8009-CF276956A95A): 0
LogDevObjectVersion:   Dev-Rendering (12F88B9F-8875-4AFC-A67C-D90C383ABD29): 19
LogDevObjectVersion:   Dev-Sequencer (7B5AE74C-D270-4C10-A958-57980B212A5A): 4
LogDevObjectVersion:   Dev-VR (D7296918-1DD6-4BDD-9DE2-64A83CC13884): 0
LogDevObjectVersion:   Dev-LoadTimes (C2A15278-BFE7-4AFE-6C17-90FF531DF755): 1
LogDevObjectVersion:   Private-Geometry (6EACA3D4-40EC-4CC1-B786-8BED09428FC5): 1
LogDevObjectVersion:   Dev-AnimPhys (29E575DD-E0A3-4627-9D10-D276232CDCEA): 7
LogInit: Compiled (64-bit): Sep 22 2017 13:47:16
LogInit: Compiled with Visual C++: 19.00.24215.01
LogInit: Build Configuration: Development
LogInit: Branch Name: ++UE4+Release-4.17
LogInit: Command line: 
LogInit: Base directory: D:/Program Files/Epic Games/UE_4.17/Engine/Binaries/Win64/
LogInit: Installed Engine Build: 1
LogInit: Presizing for max 8388607 objects, including 0 objects not considered by GC, pre-allocating 0 bytes for permanent pool.
LogInit: Object subsystem initialized
[2018.08.02-01.17.06:495][  0]LogInit: Selected Device Profile: [Windows]
[2018.08.02-01.17.06:495][  0]LogInit: Applying CVar settings loaded from the selected device profile: [Windows]
[2018.08.02-01.17.06:601][  0]LogInit: Computer: ROGERIO
[2018.08.02-01.17.06:601][  0]LogInit: User: rogeriofreitas
[2018.08.02-01.17.06:601][  0]LogInit: CPU Page size=4096, Cores=4
[2018.08.02-01.17.06:601][  0]LogInit: High frequency timer resolution =3.515620 MHz
[2018.08.02-01.17.06:602][  0]LogMemory: Memory total: Physical=16.0GB (16GB approx)
[2018.08.02-01.17.06:602][  0]LogMemory: Platform Memory Stats for Windows
[2018.08.02-01.17.06:602][  0]LogMemory: Process Physical Memory: 276.43 MB used, 276.43 MB peak
[2018.08.02-01.17.06:602][  0]LogMemory: Process Virtual Memory: 274.20 MB used, 274.20 MB peak
[2018.08.02-01.17.06:602][  0]LogMemory: Physical Memory: 3901.04 MB used,  12434.70 MB free, 16335.73 MB total
[2018.08.02-01.17.06:602][  0]LogMemory: Virtual Memory: 648.65 MB used,  12434.70 MB free, 134217728.00 MB total
[2018.08.02-01.17.06:731][  0]LogInit: Overriding language with editor language configuration option (en).
[2018.08.02-01.17.06:731][  0]LogInit: Overriding locale with editor locale configuration option (en).
[2018.08.02-01.17.07:286][  0]LogD3D11RHI: D3D11 adapters:
[2018.08.02-01.17.07:310][  0]LogD3D11RHI:    0. 'NVIDIA GeForce GTX 970' (Feature Level 11_0)
[2018.08.02-01.17.07:310][  0]LogD3D11RHI:       3975/0/8167 MB DedicatedVideo/DedicatedSystem/SharedSystem, Outputs:1, VendorId:0x10de
[2018.08.02-01.17.07:311][  0]LogD3D11RHI:    1. 'Microsoft Basic Render Driver' (Feature Level 11_0)
[2018.08.02-01.17.07:311][  0]LogD3D11RHI:       0/0/256 MB DedicatedVideo/DedicatedSystem/SharedSystem, Outputs:0, VendorId:0x1414
[2018.08.02-01.17.07:311][  0]LogD3D11RHI: Chosen D3D11 Adapter: 0
[2018.08.02-01.17.07:315][  0]LogD3D11RHI: Creating new Direct3DDevice
[2018.08.02-01.17.07:315][  0]LogD3D11RHI:     GPU DeviceId: 0x13c2 (for the marketing name, search the web for "GPU Device Id")
[2018.08.02-01.17.07:315][  0]LogWindows: EnumDisplayDevices:
[2018.08.02-01.17.07:315][  0]LogWindows:    0. 'NVIDIA GeForce GTX 970' (P:1 D:1)
[2018.08.02-01.17.07:315][  0]LogWindows:    1. 'NVIDIA GeForce GTX 970' (P:0 D:0)
[2018.08.02-01.17.07:316][  0]LogWindows:    2. 'NVIDIA GeForce GTX 970' (P:0 D:0)
[2018.08.02-01.17.07:316][  0]LogWindows:    3. 'NVIDIA GeForce GTX 970' (P:0 D:0)
[2018.08.02-01.17.07:316][  0]LogWindows: DebugString: FoundDriverCount:4 
[2018.08.02-01.17.07:316][  0]LogD3D11RHI:     Adapter Name: NVIDIA GeForce GTX 970
[2018.08.02-01.17.07:316][  0]LogD3D11RHI:   Driver Version: 388.13 (internal:23.21.13.8813, unified:388.13)
[2018.08.02-01.17.07:316][  0]LogD3D11RHI:      Driver Date: 10-27-2017
[2018.08.02-01.17.07:316][  0]LogRHI: Texture pool is 1361 MB (70% of 1945 MB)
[2018.08.02-01.17.07:328][  0]LogD3D11RHI: Async texture creation enabled
[2018.08.02-01.17.07:349][  0]LogD3D11RHI: GPU Timing Frequency: 1000.000000 (Debug: 2 2)
[2018.08.02-01.17.07:398][  0]LogShaderCompilers: Guid format shader working directory is -18 characters bigger than the processId version (../../../../../../Users/rogerio freitas/Documents/Unreal Projects/TEXTURAS/Intermediate/Shaders/WorkingDirectory/9964/).
[2018.08.02-01.17.07:398][  0]LogShaderCompilers: Cleaned the shader compiler working directory 'C:/Users/rogerio freitas/AppData/Local/Temp/UnrealShaderWorkingDir/7583DCD040E92DCC1E214FB7A97DD8B9/'.
[2018.08.02-01.17.07:398][  0]LogShaderCompilers: Display: Using Local Shader Compiler.
[2018.08.02-01.17.08:168][  0]LogTemp: Display: Loaded TP AllDesktopTargetPlatform
[2018.08.02-01.17.08:198][  0]LogTemp: Display: Loaded TP MacClientTargetPlatform
[2018.08.02-01.17.08:226][  0]LogTemp: Display: Loaded TP MacNoEditorTargetPlatform
[2018.08.02-01.17.08:255][  0]LogTemp: Display: Loaded TP MacServerTargetPlatform
[2018.08.02-01.17.08:283][  0]LogTemp: Display: Loaded TP MacTargetPlatform
[2018.08.02-01.17.08:312][  0]LogTemp: Display: Loaded TP WindowsClientTargetPlatform
[2018.08.02-01.17.08:341][  0]LogTemp: Display: Loaded TP WindowsNoEditorTargetPlatform
[2018.08.02-01.17.08:370][  0]LogTemp: Display: Loaded TP WindowsServerTargetPlatform
[2018.08.02-01.17.08:393][  0]LogTemp: Display: Loaded TP WindowsTargetPlatform
[2018.08.02-01.17.08:422][  0]LogTemp: Display: Loaded TP AndroidTargetPlatform
[2018.08.02-01.17.08:450][  0]LogTemp: Display: Loaded TP Android_ASTCTargetPlatform
[2018.08.02-01.17.08:479][  0]LogTemp: Display: Loaded TP Android_ATCTargetPlatform
[2018.08.02-01.17.08:507][  0]LogTemp: Display: Loaded TP Android_DXTTargetPlatform
[2018.08.02-01.17.08:535][  0]LogTemp: Display: Loaded TP Android_ETC1TargetPlatform
[2018.08.02-01.17.08:567][  0]LogTemp: Display: Loaded TP Android_ETC2TargetPlatform
[2018.08.02-01.17.08:624][  0]LogTemp: Display: Loaded TP Android_MultiTargetPlatform
[2018.08.02-01.17.08:624][  0]LogTemp: Display: Loaded TP Android_PVRTCTargetPlatform
[2018.08.02-01.17.08:644][  0]LogTemp: Display: Loaded TP HTML5TargetPlatform
[2018.08.02-01.17.08:706][  0]LogTemp: Display: Loaded TP IOSTargetPlatform
[2018.08.02-01.17.08:724][  0]LogTemp: Display: Loaded TP TVOSTargetPlatform
[2018.08.02-01.17.08:752][  0]LogTemp: Display: Loaded TP LinuxClientTargetPlatform
[2018.08.02-01.17.08:783][  0]LogTemp: Display: Loaded TP LinuxNoEditorTargetPlatform
[2018.08.02-01.17.08:811][  0]LogTemp: Display: Loaded TP LinuxServerTargetPlatform
[2018.08.02-01.17.08:840][  0]LogTemp: Display: Loaded TP LinuxTargetPlatform
[2018.08.02-01.17.08:840][  0]LogTargetPlatformManager: Display: Building Assets For Windows
[2018.08.02-01.17.09:083][  0]LogDerivedDataCache: Display: Max Cache Size: 512 MB
[2018.08.02-01.17.09:175][  0]LogDerivedDataCache: Loaded boot cache 0.09s 93MB C:/Users/rogerio freitas/AppData/Local/UnrealEngine/4.17/DerivedDataCache/Boot.ddc.
[2018.08.02-01.17.09:175][  0]LogDerivedDataCache: Display: Loaded Boot cache: C:/Users/rogerio freitas/AppData/Local/UnrealEngine/4.17/DerivedDataCache/Boot.ddc
[2018.08.02-01.17.09:175][  0]LogDerivedDataCache: FDerivedDataBackendGraph:  Pak pak cache file ../../../../../../Users/rogerio freitas/Documents/Unreal Projects/TEXTURAS/DerivedDataCache/DDC.ddp not found, will not use a pak cache.
[2018.08.02-01.17.09:175][  0]LogDerivedDataCache: Unable to find inner node Pak for hierarchical cache Hierarchy.
[2018.08.02-01.17.09:175][  0]LogDerivedDataCache: FDerivedDataBackendGraph:  CompressedPak pak cache file ../../../../../../Users/rogerio freitas/Documents/Unreal Projects/TEXTURAS/DerivedDataCache/Compressed.ddp not found, will not use a pak cache.
[2018.08.02-01.17.09:175][  0]LogDerivedDataCache: Unable to find inner node CompressedPak for hierarchical cache Hierarchy.
[2018.08.02-01.17.09:191][  0]LogDerivedDataCache: Display: Pak cache opened for reading ../../../Engine/DerivedDataCache/Compressed.ddp.
[2018.08.02-01.17.09:203][  0]LogDerivedDataCache: Using Local data cache path C:/Users/rogerio freitas/AppData/Local/UnrealEngine/Common/DerivedDataCache: Writable
[2018.08.02-01.17.09:213][  0]LogMaterial: Verifying Global Shaders for PCD3D_SM5
[2018.08.02-01.17.09:213][  0]LogSlate: Using Freetype 2.6.0
[2018.08.02-01.17.09:214][  0]LogSlate: SlateFontCache - WITH_FREETYPE: 1, WITH_HARFBUZZ: 1
[2018.08.02-01.17.09:214][  0]LogSlate: SlateFontCache - WITH_FREETYPE: 1, WITH_HARFBUZZ: 1
[2018.08.02-01.17.09:446][  0]LogAssetRegistry: FAssetRegistry took 0.0262 seconds to start up
[2018.08.02-01.17.09:567][  0]LogInit: Selected Device Profile: [Windows]
[2018.08.02-01.17.09:679][  0]LogContentStreaming: Texture pool size is 0.00 MB
[2018.08.02-01.17.10:593][  0]LogSimplygon: Simplygon DLL not present - disabling.
[2018.08.02-01.17.10:641][  0]LogMeshReduction: Using SimplygonSwarm for distributed automatic mesh merging
[2018.08.02-01.17.10:641][  0]LogMeshReduction: Using QuadricMeshReduction for automatic static mesh reduction
[2018.08.02-01.17.10:641][  0]LogMeshReduction: No automatic skeletal mesh reduction module available
[2018.08.02-01.17.10:641][  0]LogMeshReduction: No automatic mesh merging module available
[2018.08.02-01.17.10:641][  0]LogMeshMerging: No automatic mesh merging module available
[2018.08.02-01.17.11:982][  0]LogNetVersion: TEXTURAS , NetCL: 3573198, EngineNetVer: 2, GameNetVer: 0 (Checksum: 2601616039)
[2018.08.02-01.17.12:149][  0]LogPackageLocalizationCache: Processed 5 localized package path(s) for 1 prioritized culture(s) in 0.034895 seconds
[2018.08.02-01.17.12:154][  0]LogUObjectArray: 35825 objects as part of root set at end of initial load.
[2018.08.02-01.17.12:154][  0]LogUObjectAllocator: 7529104 out of 0 bytes used by permanent object pool.
[2018.08.02-01.17.12:154][  0]LogUObjectArray: CloseDisregardForGC: 0/0 objects in disregard for GC pool
[2018.08.02-01.17.12:183][  0]LogInit: WinSock: version 1.1 (2.2), MaxSocks=32767, MaxUdp=65467
[2018.08.02-01.17.14:225][  0]LogTcpMessaging: Initializing TcpMessaging bridge
[2018.08.02-01.17.14:250][  0]LogUdpMessaging: Initializing bridge on interface 0.0.0.0:0 to multicast group 230.0.0.1:6666.
[2018.08.02-01.17.14:716][  0]LogMaterial: Uniform references updated for custom material expression Custom.
[2018.08.02-01.17.14:960][  0]SourceControl: Source control is disabled
[2018.08.02-01.17.14:960][  0]SourceControl: Source control is disabled
[2018.08.02-01.17.14:982][  0]SourceControl: Source control is disabled
[2018.08.02-01.17.15:004][  0]SourceControl: Source control is disabled
[2018.08.02-01.17.15:311][  0]LogAndroidPermission: UAndroidPermissionCallbackProxy::GetInstance
[2018.08.02-01.17.15:441][  0]LogOcInput: OculusInput pre-init called
[2018.08.02-01.17.15:584][  0]LogEngine: Initializing Engine...
[2018.08.02-01.17.15:586][  0]LogHMD: Failed to initialize OpenVR with code 110
[2018.08.02-01.17.15:774][  0]LogStats: UGameplayTagsManager::ConstructGameplayTagTree: Construct from data asset -  0.000 s
[2018.08.02-01.17.15:774][  0]LogStats: UGameplayTagsManager::ConstructGameplayTagTree: GameplayTagTreeChangedEvent.Broadcast -  0.000 s
[2018.08.02-01.17.15:842][  0]LogAIModule: Creating AISystem for world Untitled
[2018.08.02-01.17.15:848][  0]LogInit: XAudio2 using 'SAMSUNG-4 (NVIDIA High Definition Audio)' : 2 channels at 48 kHz using 16 bits per sample (channel mask 0x3)
[2018.08.02-01.17.15:858][  0]LogInit: FAudioDevice initialized.
[2018.08.02-01.17.16:364][  0]LogDerivedDataCache: Saved boot cache 0.51s 94MB C:/Users/rogerio freitas/AppData/Local/UnrealEngine/4.17/DerivedDataCache/Boot.ddc.
[2018.08.02-01.17.16:382][  0]LogInit: Texture streaming: Enabled
[2018.08.02-01.17.16:505][  0]LogEngineSessionManager: EngineSessionManager initialized
[2018.08.02-01.17.16:623][  0]LogInit: Transaction tracking system initialized
[2018.08.02-01.17.16:772][  0]BlueprintLog: New page: Editor Load
[2018.08.02-01.17.17:203][  0]LocalizationService: Localization service is disabled
[2018.08.02-01.17.17:676][  0]LogConsoleResponse: Display: 
[2018.08.02-01.17.17:843][  0]LogCook: Display: Max memory allowance for cook 16384mb min free memory 0mb
[2018.08.02-01.17.17:843][  0]LogCook: Display: Mobile HDR setting 1
[2018.08.02-01.17.17:843][  0]LogGameplayTags: Display: UGameplayTagsManager::DoneAddingNativeTags. DelegateIsBound: 0
[2018.08.02-01.17.18:692][  0]LogFileCache: Scanning file cache for directory 'D:/Users/rogerio freitas/Documents/Unreal Projects/TEXTURAS/Content/' took 0.02s
[2018.08.02-01.17.18:692][  0]SourceControl: Source control is disabled
[2018.08.02-01.17.18:692][  0]Cmd: MAP LOAD FILE="../../../../../../Users/rogerio freitas/Documents/Unreal Projects/TEXTURAS/Content/ThirdPersonBP/Maps/ThirdPersonExampleMap.umap" TEMPLATE=0 SHOWPROGRESS=1 FEATURELEVEL=3
[2018.08.02-01.17.18:707][  0]LightingResults: New page: Lighting Build
[2018.08.02-01.17.18:727][  0]MapCheck: New page: Map Check
[2018.08.02-01.17.18:727][  0]LightingResults: New page: Lighting Build
[2018.08.02-01.17.24:240][  0]LogPackageName: Warning: String asset reference "StaticMesh'FX_Meshes_IB.SM_Debris_Box_RadialFull'" is in short form, which is unsupported and -- even if valid -- resolving it will be really slow.
[2018.08.02-01.17.24:251][  0]LogPackageName: Warning: Please consider resaving package in order to speed-up loading.
[2018.08.02-01.17.24:307][  0]LogPackageName: SearchForPackageOnDisk took   0.056s, but failed to resolve StaticMesh'FX_Meshes_IB.
[2018.08.02-01.17.24:307][  0]LogPackageName: Warning: String asset reference "StaticMesh'FX_Meshes_IB.SM_Debris_Box_RadialFull'" could not be resolved.
[2018.08.02-01.17.24:322][  0]LogPackageName: Warning: String asset reference "FX_Meshes.UI.SM_SelectionMesh_01" is in short form, which is unsupported and -- even if valid -- resolving it will be really slow.
[2018.08.02-01.17.24:322][  0]LogPackageName: Warning: Please consider resaving package in order to speed-up loading.
[2018.08.02-01.17.24:376][  0]LogPackageName: SearchForPackageOnDisk took   0.054s, but failed to resolve FX_Meshes.
[2018.08.02-01.17.24:376][  0]LogPackageName: Warning: String asset reference "FX_Meshes.UI.SM_SelectionMesh_01" could not be resolved.
[2018.08.02-01.17.34:879][  0]LogAIModule: Creating AISystem for world ThirdPersonExampleMap
[2018.08.02-01.17.35:097][  0]LogEditorServer: Finished looking for orphan Actors (0.000 secs)
[2018.08.02-01.17.35:165][  0]Cmd: MAP CHECKDEP NOCLEARLOG
[2018.08.02-01.17.35:284][  0]MapCheck: Map check complete: 0 Error(s), 0 Warning(s), took 118.718ms to complete.
[2018.08.02-01.17.35:284][  0]LogFileHelpers: Loading map 'ThirdPersonExampleMap' took 16.592
[2018.08.02-01.17.35:819][  0]LogCollectionManager: Loaded 0 collections in 0.003154 seconds
[2018.08.02-01.17.35:971][  0]LogFileCache: Scanning file cache for directory 'D:/Users/rogerio freitas/Documents/Unreal Projects/TEXTURAS/Saved/Collections/' took 0.01s
[2018.08.02-01.17.35:971][  0]LogFileCache: Scanning file cache for directory 'D:/Users/rogerio freitas/Documents/Unreal Projects/TEXTURAS/Content/Developers/rogeriofreitas/Collections/' took 0.01s
[2018.08.02-01.17.35:971][  0]LogFileCache: Scanning file cache for directory 'D:/Users/rogerio freitas/Documents/Unreal Projects/TEXTURAS/Content/Collections/' took 0.01s
[2018.08.02-01.17.35:971][  0]LogCollectionManager: Rebuilt the GUID cache for 0 collections in 0.000000 seconds
[2018.08.02-01.17.35:988][  0]LogContentBrowser: Native class hierarchy populated in 0.0151 seconds. Added 2386 classes and 500 folders.
[2018.08.02-01.17.36:076][  0]LogContentBrowser: Native class hierarchy updated for 'WidgetCarousel' in 0.0007 seconds. Added 0 classes and 0 folders.
[2018.08.02-01.17.36:705][  0]LogContentBrowser: Native class hierarchy updated for 'AddContentDialog' in 0.0015 seconds. Added 0 classes and 0 folders.
[2018.08.02-01.17.36:827][  0]LogContentBrowser: Native class hierarchy updated for 'SceneOutliner' in 0.0023 seconds. Added 1 classes and 2 folders.
[2018.08.02-01.17.37:005][  0]LogContentBrowser: Native class hierarchy updated for 'WorldBrowser' in 0.0006 seconds. Added 2 classes and 3 folders.
[2018.08.02-01.17.37:361][  0]LogSlate: Took 0.000249 seconds to synchronously load lazily loaded font '../../../Engine/Content/Slate/Fonts/Roboto-Regular.ttf' (155K)
[2018.08.02-01.17.37:364][  0]LogSlate: Took 0.000235 seconds to synchronously load lazily loaded font '../../../Engine/Content/Slate/Fonts/Roboto-Bold.ttf' (160K)
[2018.08.02-01.17.37:392][  0]LogSlate: Took 0.012059 seconds to synchronously load lazily loaded font '../../../Engine/Content/Editor/Slate/Fonts/FontAwesome.ttf' (139K)
[2018.08.02-01.17.37:614][  0]LogRenderer: Reallocating scene render targets to support 752x340 Format 10 NumSamples 1 (Frame:1).
[2018.08.02-01.17.37:640][  0]LogStaticMesh: Allocated 510x171x64 distance field atlas = 10.6Mb, with 69 objects containing 5.5Mb backing data
[2018.08.02-01.17.39:086][  0]LogContentBrowser: Native class hierarchy updated for 'HierarchicalLODOutliner' in 0.0010 seconds. Added 1 classes and 2 folders.
[2018.08.02-01.17.39:086][  0]LogLoad: (Engine Initialization) Total time: 34.58 seconds
[2018.08.02-01.17.39:086][  0]LogLoad: (Engine Initialization) Total Blueprint compile time: 0.00 seconds
[2018.08.02-01.17.39:087][  0]LogExternalProfiler: Found external profiler: VSPerf
[2018.08.02-01.17.39:087][  0]LogExternalProfiler: Using external profiler: VSPerf
[2018.08.02-01.17.39:472][  0]LogContentStreaming: Texture pool size now 1000 MB
[2018.08.02-01.17.39:994][  3]LogAssetRegistry: Asset discovery search completed in 30.5714 seconds
[2018.08.02-01.17.39:999][  3]LogCollectionManager: Rebuilt the object cache for 0 collections in 0.000001 seconds (found 0 objects)
[2018.08.02-01.17.39:999][  3]LogCollectionManager: Fixed up redirectors for 0 collections in 0.000054 seconds (updated 0 objects)
[2018.08.02-01.17.42:381][101]LogSlate: Took 0.013064 seconds to synchronously load lazily loaded font '../../../Engine/Content/Slate/Fonts/Roboto-Light.ttf' (159K)
[2018.08.02-01.18.06:758][162]LogSlate: Took 0.000125 seconds to synchronously load lazily loaded font '../../../Engine/Content/Slate/Fonts/Roboto-Light.ttf' (159K)
[2018.08.02-01.18.06:811][162]LogFactory: FactoryCreateFile: Texture with ReimportTextureFactory (0 0 C:/Users/rogerio freitas/Desktop/1.png)
[2018.08.02-01.18.06:850][162]LogTexture: Display: Building textures: 1 (AutoDXT, 256X256)
[2018.08.02-01.18.06:979][162]LogFactory: FactoryCreateFile: Texture with ReimportTextureFactory (0 0 C:/Users/rogerio freitas/Desktop/2.png)
[2018.08.02-01.18.07:012][162]LogTexture: Display: Building textures: 2 (AutoDXT, 256X256)
[2018.08.02-01.18.07:049][162]LogFactory: FactoryCreateFile: Texture with ReimportTextureFactory (0 0 C:/Users/rogerio freitas/Desktop/3.png)
[2018.08.02-01.18.07:054][162]LogTexture: Display: Building textures: 3 (AutoDXT, 256X256)
[2018.08.02-01.18.07:065][162]LogFactory: FactoryCreateFile: Texture with ReimportTextureFactory (0 0 C:/Users/rogerio freitas/Desktop/4.png)
[2018.08.02-01.18.07:069][162]LogTexture: Display: Building textures: 4 (AutoDXT, 256X256)
[2018.08.02-01.18.07:101][162]LogFactory: FactoryCreateFile: Texture with ReimportTextureFactory (0 0 C:/Users/rogerio freitas/Desktop/5.png)
[2018.08.02-01.18.07:113][162]LogTexture: Display: Building textures: 5 (BC5, 256X256)
[2018.08.02-01.18.07:120][162]LogSlate: Took 0.000107 seconds to synchronously load lazily loaded font '../../../Engine/Content/Slate/Fonts/Roboto-Light.ttf' (159K)
[2018.08.02-01.18.14:959][ 45]LogMaterial: Missing cached shader map for material 1_Mat, compiling. 
[2018.08.02-01.18.17:834][354]LogContentBrowser: Native class hierarchy updated for 'MaterialEditor' in 0.0006 seconds. Added 1 classes and 0 folders.
[2018.08.02-01.18.17:861][354]LogMaterial: Missing cached shader map for material 1_Mat, compiling. 
[2018.08.02-01.18.18:177][354]LogMaterial: Missing cached shader map for material 1_Mat, compiling. 
[2018.08.02-01.18.18:216][354]LogMaterial: Missing cached shader map for material 1_Mat, compiling. 
[2018.08.02-01.18.18:265][354]LogMaterial: Missing cached shader map for material FMatExpressionPreview MaterialExpressionTextureSample_0, compiling. 
[2018.08.02-01.18.18:297][354]LogSlate: Took 0.009943 seconds to synchronously load lazily loaded font '../../../Engine/Content/Editor/Slate/Fonts/Roboto-BoldCondensed.ttf' (158K)
[2018.08.02-01.18.19:139][366]MaterialEditorStats: Base pass shader: 81 instructions
[2018.08.02-01.18.19:139][366]MaterialEditorStats: Vertex shader: 31 instructions
[2018.08.02-01.18.19:139][366]MaterialEditorStats: Texture samplers: 2/16
[2018.08.02-01.18.19:139][366]MaterialEditorStats: User interpolators: 2/4 Scalars (1/4 Vectors) (TexCoords: 2, Custom: 0)
[2018.08.02-01.18.34:587][  0]LogMaterial: Missing cached shader map for material 1_Mat, compiling. 
[2018.08.02-01.18.34:598][  0]LogMaterial: Missing cached shader map for material FMatExpressionPreview MaterialExpressionTextureSample_1, compiling. 
[2018.08.02-01.18.34:628][  0]LogMaterial: Missing cached shader map for material FMatExpressionPreview MaterialExpressionTextureSample_0, compiling. 
[2018.08.02-01.18.34:632][  0]LogMaterial: Missing cached shader map for material FMatExpressionPreview MaterialExpressionTextureSample_1, compiling. 
[2018.08.02-01.18.34:645][  0]LogMaterial: Missing cached shader map for material 1_Mat, compiling. 
[2018.08.02-01.18.34:660][  0]LogMaterial: Missing cached shader map for material FMatExpressionPreview MaterialExpressionTextureSample_2, compiling. 
[2018.08.02-01.18.34:690][  0]LogMaterial: Missing cached shader map for material FMatExpressionPreview MaterialExpressionTextureSample_0, compiling. 
[2018.08.02-01.18.34:695][  0]LogMaterial: Missing cached shader map for material FMatExpressionPreview MaterialExpressionTextureSample_1, compiling. 
[2018.08.02-01.18.34:700][  0]LogMaterial: Missing cached shader map for material FMatExpressionPreview MaterialExpressionTextureSample_2, compiling. 
[2018.08.02-01.18.34:718][  0]LogMaterial: Missing cached shader map for material 1_Mat, compiling. 
[2018.08.02-01.18.34:746][  0]LogMaterial: Missing cached shader map for material FMatExpressionPreview MaterialExpressionTextureSample_3, compiling. 
[2018.08.02-01.18.34:779][  0]LogMaterial: Missing cached shader map for material FMatExpressionPreview MaterialExpressionTextureSample_0, compiling. 
[2018.08.02-01.18.34:783][  0]LogMaterial: Missing cached shader map for material FMatExpressionPreview MaterialExpressionTextureSample_1, compiling. 
[2018.08.02-01.18.34:788][  0]LogMaterial: Missing cached shader map for material FMatExpressionPreview MaterialExpressionTextureSample_2, compiling. 
[2018.08.02-01.18.34:793][  0]LogMaterial: Missing cached shader map for material FMatExpressionPreview MaterialExpressionTextureSample_3, compiling. 
[2018.08.02-01.18.34:805][  0]LogMaterial: Missing cached shader map for material 1_Mat, compiling. 
[2018.08.02-01.18.34:827][  0]LogMaterial: Missing cached shader map for material FMatExpressionPreview MaterialExpressionTextureSample_4, compiling. 
[2018.08.02-01.18.34:872][  0]LogMaterial: Missing cached shader map for material FMatExpressionPreview MaterialExpressionTextureSample_0, compiling. 
[2018.08.02-01.18.34:879][  0]LogMaterial: Missing cached shader map for material FMatExpressionPreview MaterialExpressionTextureSample_1, compiling. 
[2018.08.02-01.18.34:886][  0]LogMaterial: Missing cached shader map for material FMatExpressionPreview MaterialExpressionTextureSample_2, compiling. 
[2018.08.02-01.18.34:891][  0]LogMaterial: Missing cached shader map for material FMatExpressionPreview MaterialExpressionTextureSample_3, compiling. 
[2018.08.02-01.18.34:907][  0]LogMaterial: Missing cached shader map for material FMatExpressionPreview MaterialExpressionTextureSample_4, compiling. 
[2018.08.02-01.18.35:694][ 47]MaterialEditorStats: Base pass shader: 81 instructions
[2018.08.02-01.18.35:694][ 47]MaterialEditorStats: Vertex shader: 31 instructions
[2018.08.02-01.18.35:694][ 47]MaterialEditorStats: Texture samplers: 2/16
[2018.08.02-01.18.35:694][ 47]MaterialEditorStats: User interpolators: 2/4 Scalars (1/4 Vectors) (TexCoords: 2, Custom: 0)
[2018.08.02-01.18.42:949][829]LogMaterial: Missing cached shader map for material 1_Mat, compiling. 
[2018.08.02-01.18.42:964][829]LogMaterial: Missing cached shader map for material FMatExpressionPreview MaterialExpressionTextureSample_1, compiling. 
[2018.08.02-01.18.43:730][882]MaterialEditorStats: Base pass shader: 87 instructions
[2018.08.02-01.18.43:730][882]MaterialEditorStats: Vertex shader: 31 instructions
[2018.08.02-01.18.43:730][882]MaterialEditorStats: Texture samplers: 3/16
[2018.08.02-01.18.43:730][882]MaterialEditorStats: User interpolators: 2/4 Scalars (1/4 Vectors) (TexCoords: 2, Custom: 0)
[2018.08.02-01.18.47:093][260]LogMaterial: Missing cached shader map for material 1_Mat, compiling. 
[2018.08.02-01.18.47:106][260]LogMaterial: Missing cached shader map for material FMatExpressionPreview MaterialExpressionTextureSample_2, compiling. 
[2018.08.02-01.18.47:895][313]MaterialEditorStats: Base pass shader: 94 instructions
[2018.08.02-01.18.47:895][313]MaterialEditorStats: Vertex shader: 31 instructions
[2018.08.02-01.18.47:895][313]MaterialEditorStats: Texture samplers: 4/16
[2018.08.02-01.18.47:895][313]MaterialEditorStats: User interpolators: 2/4 Scalars (1/4 Vectors) (TexCoords: 2, Custom: 0)
[2018.08.02-01.18.51:127][679]LogMaterial: Missing cached shader map for material 1_Mat, compiling. 
[2018.08.02-01.18.51:159][679]LogMaterial: Missing cached shader map for material FMatExpressionPreview MaterialExpressionTextureSample_3, compiling. 
[2018.08.02-01.18.51:904][730]MaterialEditorStats: Base pass shader: 94 instructions
[2018.08.02-01.18.51:904][730]MaterialEditorStats: Vertex shader: 31 instructions
[2018.08.02-01.18.51:904][730]MaterialEditorStats: Texture samplers: 4/16
[2018.08.02-01.18.51:904][730]MaterialEditorStats: User interpolators: 2/4 Scalars (1/4 Vectors) (TexCoords: 2, Custom: 0)
[2018.08.02-01.19.00:044][646]LogMaterial: Missing cached shader map for material 1_Mat, compiling. 
[2018.08.02-01.19.00:094][646]LogMaterial: Missing cached shader map for material FMatExpressionPreview MaterialExpressionTextureSample_2, compiling. 
[2018.08.02-01.19.01:700][802]MaterialEditorStats: Base pass shader: 96 instructions
[2018.08.02-01.19.01:700][802]MaterialEditorStats: Vertex shader: 31 instructions
[2018.08.02-01.19.01:700][802]MaterialEditorStats: Texture samplers: 5/16
[2018.08.02-01.19.01:700][802]MaterialEditorStats: User interpolators: 2/4 Scalars (1/4 Vectors) (TexCoords: 2, Custom: 0)
[2018.08.02-01.19.10:721][829]LogMaterial: Missing cached shader map for material 1_Mat, compiling. 
[2018.08.02-01.19.10:754][829]LogMaterial: Missing cached shader map for material FMatExpressionPreview MaterialExpressionTextureSample_4, compiling. 
[2018.08.02-01.19.11:923][914]MaterialEditorStats: Base pass shader: 96 instructions
[2018.08.02-01.19.11:924][914]MaterialEditorStats: Vertex shader: 33 instructions
[2018.08.02-01.19.11:924][914]MaterialEditorStats: Texture samplers: 5/16
[2018.08.02-01.19.11:924][914]MaterialEditorStats: User interpolators: 2/4 Scalars (1/4 Vectors) (TexCoords: 2, Custom: 0)
[2018.08.02-01.19.12:703][995]LogMaterial: Missing cached shader map for material 1_Mat, compiling. 
[2018.08.02-01.19.13:871][ 84]MaterialEditorStats: Base pass shader: 96 instructions
[2018.08.02-01.19.13:871][ 84]MaterialEditorStats: Vertex shader: 33 instructions
[2018.08.02-01.19.13:871][ 84]MaterialEditorStats: Texture samplers: 5/16
[2018.08.02-01.19.13:871][ 84]MaterialEditorStats: User interpolators: 2/4 Scalars (1/4 Vectors) (TexCoords: 2, Custom: 0)
[2018.08.02-01.19.26:089][480]LogMaterial: Missing cached shader map for material 1_Mat, compiling. 
[2018.08.02-01.19.26:121][480]LogMaterial: Missing cached shader map for material FMatExpressionPreview MaterialExpressionTextureSample_4, compiling. 
[2018.08.02-01.19.27:270][566]MaterialEditorStats: Base pass shader: 96 instructions
[2018.08.02-01.19.27:270][566]MaterialEditorStats: Vertex shader: 33 instructions
[2018.08.02-01.19.27:270][566]MaterialEditorStats: Texture samplers: 6/16
[2018.08.02-01.19.27:270][566]MaterialEditorStats: User interpolators: 2/4 Scalars (1/4 Vectors) (TexCoords: 2, Custom: 0)
[2018.08.02-01.19.30:356][920]LogMaterial: Missing cached shader map for material 1_Mat, compiling. 
[2018.08.02-01.19.31:116][980]MaterialEditorStats: Base pass shader: 96 instructions
[2018.08.02-01.19.31:116][980]MaterialEditorStats: Vertex shader: 31 instructions
[2018.08.02-01.19.31:116][980]MaterialEditorStats: Texture samplers: 6/16
[2018.08.02-01.19.31:116][980]MaterialEditorStats: User interpolators: 2/4 Scalars (1/4 Vectors) (TexCoords: 2, Custom: 0)
[2018.08.02-01.19.45:370][592]LogMaterial: Missing cached shader map for material 1_Mat, compiling. 
[2018.08.02-01.19.45:380][592]LogMaterial: Warning: Failed to compile Material /Engine/Transient.1_Mat for platform PCD3D_SM5, Default Material will be used in game.
[2018.08.02-01.19.45:380][592]LogMaterial: Warning: 	(Node TextureSample) TextureSample> Sampler type is Color, should be Linear Color for /Game/textures/1.1
[2018.08.02-01.19.45:384][592]LogMaterial: Missing cached shader map for material FMatExpressionPreview MaterialExpressionTextureSample_0, compiling. 
[2018.08.02-01.19.45:409][592]MaterialEditorStats: Error: [SM5] (Node TextureSample) TextureSample> Sampler type is Color, should be Linear Color for /Game/textures/1.1
[2018.08.02-01.19.48:252][903]LogEditorTransaction: Undo Edit Sampler Type
[2018.08.02-01.19.48:256][903]LogMaterial: Missing cached shader map for material 1_Mat, compiling. 
[2018.08.02-01.19.48:299][903]LogMaterial: Missing cached shader map for material 1_Mat, compiling. 
[2018.08.02-01.19.48:317][903]LogMaterial: Missing cached shader map for material FMatExpressionPreview MaterialExpressionTextureSample_0, compiling. 
[2018.08.02-01.19.49:183][954]MaterialEditorStats: Base pass shader: 96 instructions
[2018.08.02-01.19.49:183][954]MaterialEditorStats: Vertex shader: 31 instructions
[2018.08.02-01.19.49:183][954]MaterialEditorStats: Texture samplers: 6/16
[2018.08.02-01.19.49:183][954]MaterialEditorStats: User interpolators: 2/4 Scalars (1/4 Vectors) (TexCoords: 2, Custom: 0)
[2018.08.02-01.19.59:482][109]LogMaterialEditor: Saving and Compiling material 1_Mat
[2018.08.02-01.19.59:874][109]LogMaterial: Missing cached shader map for material 1_Mat, compiling. 
[2018.08.02-01.19.59:925][109]LogMaterial: Missing cached shader map for material 1_Mat, compiling. 
[2018.08.02-01.19.59:956][109]LogMaterial: Missing cached shader map for material 1_Mat, compiling. 
[2018.08.02-01.20.00:022][109]LogMaterial: Missing cached shader map for material FDebugViewModeMaterialProxy 1_Mat, compiling. 
[2018.08.02-01.20.00:594][109]TextureStreamingBuild: Display: Compiling optional shaders took 0.595 seconds.
[2018.08.02-01.20.01:756][109]LogSlate: Took 0.000122 seconds to synchronously load lazily loaded font '../../../Engine/Content/Slate/Fonts/Roboto-Regular.ttf' (155K)
[2018.08.02-01.20.01:816][109]Cmd: OBJ SAVEPACKAGE PACKAGE="/Game/textures/1_Mat" FILE="../../../../../../Users/rogerio freitas/Documents/Unreal Projects/TEXTURAS/Content/textures/1_Mat.uasset" SILENT=true
[2018.08.02-01.20.01:904][109]LogSavePackage: Save=83.39ms
[2018.08.02-01.20.01:904][109]LogSavePackage: Moving '../../../../../../Users/rogerio freitas/Documents/Unreal Projects/TEXTURAS/Saved/1_Mat82751C984207830805930C9B3E2287E8.tmp' to '../../../../../../Users/rogerio freitas/Documents/Unreal Projects/TEXTURAS/Content/textures/1_Mat.uasset'
[2018.08.02-01.20.01:917][109]LogSavePackage: Display: Finished SavePackage ../../../../../../Users/rogerio freitas/Documents/Unreal Projects/TEXTURAS/Content/textures/1_Mat.uasset
[2018.08.02-01.20.01:961][109]MaterialEditorStats: Base pass shader: 96 instructions
[2018.08.02-01.20.01:962][109]MaterialEditorStats: Vertex shader: 31 instructions
[2018.08.02-01.20.01:962][109]MaterialEditorStats: Texture samplers: 7/16
[2018.08.02-01.20.01:962][109]MaterialEditorStats: User interpolators: 2/4 Scalars (1/4 Vectors) (TexCoords: 2, Custom: 0)
[2018.08.02-01.20.06:650][625]LogActorFactory: Actor Factory created Cube
[2018.08.02-01.20.07:468][717]LogActorFactory: Actor Factory created Cube
[2018.08.02-01.20.49:771][646]LogMaterial: Missing cached shader map for material PreviewMaterial_0, compiling. 
[2018.08.02-01.20.49:839][646]LogMaterial: Missing cached shader map for material PreviewMaterial_0, compiling. 
[2018.08.02-01.20.49:851][646]LogMaterial: Missing cached shader map for material PreviewMaterial_0, compiling. 
[2018.08.02-01.20.49:888][646]LogMaterial: Missing cached shader map for material FMatExpressionPreview MaterialExpressionTextureSample_0, compiling. 
[2018.08.02-01.20.49:893][646]LogMaterial: Missing cached shader map for material FMatExpressionPreview MaterialExpressionTextureSample_3, compiling. 
[2018.08.02-01.20.49:909][646]LogMaterial: Missing cached shader map for material FMatExpressionPreview MaterialExpressionTextureSample_2, compiling. 
[2018.08.02-01.20.49:913][646]LogMaterial: Missing cached shader map for material FMatExpressionPreview MaterialExpressionTextureSample_1, compiling. 
[2018.08.02-01.20.49:916][646]LogMaterial: Missing cached shader map for material FMatExpressionPreview MaterialExpressionTextureSample_4, compiling. 
[2018.08.02-01.20.50:835][700]MaterialEditorStats: Base pass shader: 96 instructions
[2018.08.02-01.20.50:835][700]MaterialEditorStats: Vertex shader: 31 instructions
[2018.08.02-01.20.50:835][700]MaterialEditorStats: Texture samplers: 6/16
[2018.08.02-01.20.50:835][700]MaterialEditorStats: User interpolators: 2/4 Scalars (1/4 Vectors) (TexCoords: 2, Custom: 0)
[2018.08.02-01.20.59:823][678]LogMaterial: Missing cached shader map for material PreviewMaterial_0, compiling. 
[2018.08.02-01.20.59:835][678]LogMaterial: Missing cached shader map for material PreviewMaterial_0, compiling. 
[2018.08.02-01.20.59:876][678]LogMaterial: Missing cached shader map for material FMatExpressionPreview MaterialExpressionTextureSample_0, compiling. 
[2018.08.02-01.21.00:945][754]MaterialEditorStats: Base pass shader: 96 instructions
[2018.08.02-01.21.00:945][754]MaterialEditorStats: Vertex shader: 31 instructions
[2018.08.02-01.21.00:945][754]MaterialEditorStats: Texture samplers: 6/16
[2018.08.02-01.21.00:945][754]MaterialEditorStats: User interpolators: 2/4 Scalars (1/4 Vectors) (TexCoords: 2, Custom: 0)
[2018.08.02-01.21.05:742][247]LogMaterial: Missing cached shader map for material PreviewMaterial_0, compiling. 
[2018.08.02-01.21.06:490][298]MaterialEditorStats: Base pass shader: 97 instructions
[2018.08.02-01.21.06:490][298]MaterialEditorStats: Vertex shader: 31 instructions
[2018.08.02-01.21.06:490][298]MaterialEditorStats: Texture samplers: 6/16
[2018.08.02-01.21.06:490][298]MaterialEditorStats: User interpolators: 2/4 Scalars (1/4 Vectors) (TexCoords: 2, Custom: 0)
[2018.08.02-01.21.09:335][585]LogMaterial: Missing cached shader map for material PreviewMaterial_0, compiling. 
[2018.08.02-01.21.10:114][640]MaterialEditorStats: Base pass shader: 97 instructions
[2018.08.02-01.21.10:114][640]MaterialEditorStats: Vertex shader: 31 instructions
[2018.08.02-01.21.10:114][640]MaterialEditorStats: Texture samplers: 6/16
[2018.08.02-01.21.10:114][640]MaterialEditorStats: User interpolators: 2/4 Scalars (1/4 Vectors) (TexCoords: 2, Custom: 0)
[2018.08.02-01.21.12:170][852]LogMaterial: Missing cached shader map for material PreviewMaterial_0, compiling. 
[2018.08.02-01.21.12:930][907]MaterialEditorStats: Base pass shader: 97 instructions
[2018.08.02-01.21.12:930][907]MaterialEditorStats: Vertex shader: 31 instructions
[2018.08.02-01.21.12:930][907]MaterialEditorStats: Texture samplers: 6/16
[2018.08.02-01.21.12:930][907]MaterialEditorStats: User interpolators: 2/4 Scalars (1/4 Vectors) (TexCoords: 2, Custom: 0)
[2018.08.02-01.21.14:589][ 77]LogMaterial: Missing cached shader map for material PreviewMaterial_0, compiling. 
[2018.08.02-01.21.15:360][130]MaterialEditorStats: Base pass shader: 97 instructions
[2018.08.02-01.21.15:360][130]MaterialEditorStats: Vertex shader: 31 instructions
[2018.08.02-01.21.15:360][130]MaterialEditorStats: Texture samplers: 6/16
[2018.08.02-01.21.15:360][130]MaterialEditorStats: User interpolators: 2/4 Scalars (1/4 Vectors) (TexCoords: 2, Custom: 0)
[2018.08.02-01.21.19:712][594]LogMaterial: Missing cached shader map for material PreviewMaterial_0, compiling. 
[2018.08.02-01.21.20:462][646]MaterialEditorStats: Base pass shader: 97 instructions
[2018.08.02-01.21.20:462][646]MaterialEditorStats: Vertex shader: 31 instructions
[2018.08.02-01.21.20:462][646]MaterialEditorStats: Texture samplers: 6/16
[2018.08.02-01.21.20:462][646]MaterialEditorStats: User interpolators: 2/4 Scalars (1/4 Vectors) (TexCoords: 2, Custom: 0)
[2018.08.02-01.21.24:121][ 25]LogMaterial: Missing cached shader map for material PreviewMaterial_0, compiling. 
[2018.08.02-01.21.24:866][ 79]MaterialEditorStats: Base pass shader: 97 instructions
[2018.08.02-01.21.24:866][ 79]MaterialEditorStats: Vertex shader: 31 instructions
[2018.08.02-01.21.24:866][ 79]MaterialEditorStats: Texture samplers: 6/16
[2018.08.02-01.21.24:866][ 79]MaterialEditorStats: User interpolators: 2/4 Scalars (1/4 Vectors) (TexCoords: 2, Custom: 0)
[2018.08.02-01.21.25:881][183]LogMaterial: Missing cached shader map for material PreviewMaterial_0, compiling. 
[2018.08.02-01.21.26:634][237]MaterialEditorStats: Base pass shader: 97 instructions
[2018.08.02-01.21.26:634][237]MaterialEditorStats: Vertex shader: 31 instructions
[2018.08.02-01.21.26:634][237]MaterialEditorStats: Texture samplers: 6/16
[2018.08.02-01.21.26:634][237]MaterialEditorStats: User interpolators: 2/4 Scalars (1/4 Vectors) (TexCoords: 2, Custom: 0)
[2018.08.02-01.21.45:516][279]LogMaterial: Missing cached shader map for material PreviewMaterial_0, compiling. 
[2018.08.02-01.21.45:531][279]LogMaterial: Missing cached shader map for material FMatExpressionPreview MaterialExpressionTextureSample_3, compiling. 
[2018.08.02-01.21.46:333][329]MaterialEditorStats: Base pass shader: 97 instructions
[2018.08.02-01.21.46:333][329]MaterialEditorStats: Vertex shader: 31 instructions
[2018.08.02-01.21.46:333][329]MaterialEditorStats: Texture samplers: 6/16
[2018.08.02-01.21.46:333][329]MaterialEditorStats: User interpolators: 2/4 Scalars (1/4 Vectors) (TexCoords: 2, Custom: 0)
[2018.08.02-01.21.48:687][575]LogMaterial: Missing cached shader map for material PreviewMaterial_0, compiling. 
[2018.08.02-01.21.48:702][575]LogMaterial: Missing cached shader map for material FMatExpressionPreview MaterialExpressionTextureSample_2, compiling. 
[2018.08.02-01.21.49:518][625]MaterialEditorStats: Base pass shader: 97 instructions
[2018.08.02-01.21.49:518][625]MaterialEditorStats: Vertex shader: 31 instructions
[2018.08.02-01.21.49:518][625]MaterialEditorStats: Texture samplers: 6/16
[2018.08.02-01.21.49:518][625]MaterialEditorStats: User interpolators: 2/4 Scalars (1/4 Vectors) (TexCoords: 2, Custom: 0)
[2018.08.02-01.21.50:904][767]LogMaterial: Missing cached shader map for material PreviewMaterial_0, compiling. 
[2018.08.02-01.21.50:918][767]LogMaterial: Missing cached shader map for material FMatExpressionPreview MaterialExpressionTextureSample_1, compiling. 
[2018.08.02-01.21.51:694][815]MaterialEditorStats: Base pass shader: 97 instructions
[2018.08.02-01.21.51:694][815]MaterialEditorStats: Vertex shader: 31 instructions
[2018.08.02-01.21.51:694][815]MaterialEditorStats: Texture samplers: 6/16
[2018.08.02-01.21.51:694][815]MaterialEditorStats: User interpolators: 2/4 Scalars (1/4 Vectors) (TexCoords: 2, Custom: 0)
[2018.08.02-01.22.05:459][261]LogMaterial: Missing cached shader map for material PreviewMaterial_0, compiling. 
[2018.08.02-01.22.05:475][261]LogMaterial: Missing cached shader map for material FMatExpressionPreview MaterialExpressionTextureSample_4, compiling. 
[2018.08.02-01.22.06:239][308]MaterialEditorStats: Base pass shader: 97 instructions
[2018.08.02-01.22.06:239][308]MaterialEditorStats: Vertex shader: 31 instructions
[2018.08.02-01.22.06:239][308]MaterialEditorStats: Texture samplers: 6/16
[2018.08.02-01.22.06:240][308]MaterialEditorStats: User interpolators: 2/4 Scalars (1/4 Vectors) (TexCoords: 2, Custom: 0)
[2018.08.02-01.22.11:561][827]LogMaterial: Missing cached shader map for material PreviewMaterial_0, compiling. 
[2018.08.02-01.22.12:316][879]MaterialEditorStats: Base pass shader: 97 instructions
[2018.08.02-01.22.12:316][879]MaterialEditorStats: Vertex shader: 31 instructions
[2018.08.02-01.22.12:316][879]MaterialEditorStats: Texture samplers: 6/16
[2018.08.02-01.22.12:316][879]MaterialEditorStats: User interpolators: 2/4 Scalars (1/4 Vectors) (TexCoords: 2, Custom: 0)
[2018.08.02-01.22.12:909][938]LogMaterial: Missing cached shader map for material PreviewMaterial_0, compiling. 
[2018.08.02-01.22.13:662][991]MaterialEditorStats: Base pass shader: 97 instructions
[2018.08.02-01.22.13:662][991]MaterialEditorStats: Vertex shader: 31 instructions
[2018.08.02-01.22.13:662][991]MaterialEditorStats: Texture samplers: 6/16
[2018.08.02-01.22.13:662][991]MaterialEditorStats: User interpolators: 2/4 Scalars (1/4 Vectors) (TexCoords: 2, Custom: 0)
[2018.08.02-01.22.18:441][457]LogMaterial: Missing cached shader map for material PreviewMaterial_0, compiling. 
[2018.08.02-01.22.19:205][509]MaterialEditorStats: Base pass shader: 97 instructions
[2018.08.02-01.22.19:205][509]MaterialEditorStats: Vertex shader: 31 instructions
[2018.08.02-01.22.19:205][509]MaterialEditorStats: Texture samplers: 6/16
[2018.08.02-01.22.19:205][509]MaterialEditorStats: User interpolators: 2/4 Scalars (1/4 Vectors) (TexCoords: 2, Custom: 0)
[2018.08.02-01.22.20:847][675]LogMaterial: Missing cached shader map for material PreviewMaterial_0, compiling. 
[2018.08.02-01.22.21:593][724]MaterialEditorStats: Base pass shader: 97 instructions
[2018.08.02-01.22.21:593][724]MaterialEditorStats: Vertex shader: 31 instructions
[2018.08.02-01.22.21:594][724]MaterialEditorStats: Texture samplers: 6/16
[2018.08.02-01.22.21:594][724]MaterialEditorStats: User interpolators: 2/4 Scalars (1/4 Vectors) (TexCoords: 2, Custom: 0)
[2018.08.02-01.22.23:237][884]LogMaterialEditor: Saving and Compiling material 1_Mat
[2018.08.02-01.22.23:634][884]LogMaterial: Missing cached shader map for material PreviewMaterial_0, compiling. 
[2018.08.02-01.22.23:672][884]LogMaterial: Missing cached shader map for material 1_Mat, compiling. 
[2018.08.02-01.22.23:699][884]LogMaterial: Missing cached shader map for material 1_Mat, compiling. 
[2018.08.02-01.22.23:736][884]LogMaterial: Missing cached shader map for material FDebugViewModeMaterialProxy 1_Mat, compiling. 
[2018.08.02-01.22.24:331][884]TextureStreamingBuild: Display: Compiling optional shaders took 0.599 seconds.
[2018.08.02-01.22.25:628][884]Cmd: OBJ SAVEPACKAGE PACKAGE="/Game/textures/1_Mat" FILE="../../../../../../Users/rogerio freitas/Documents/Unreal Projects/TEXTURAS/Content/textures/1_Mat.uasset" SILENT=true
[2018.08.02-01.22.25:834][884]LogSavePackage: Save=79.92ms
[2018.08.02-01.22.25:834][884]LogSavePackage: Moving '../../../../../../Users/rogerio freitas/Documents/Unreal Projects/TEXTURAS/Saved/1_Mat8BB825F24A1769978732468D0D688CE8.tmp' to '../../../../../../Users/rogerio freitas/Documents/Unreal Projects/TEXTURAS/Content/textures/1_Mat.uasset'
[2018.08.02-01.22.25:835][884]LogSavePackage: Display: Finished SavePackage ../../../../../../Users/rogerio freitas/Documents/Unreal Projects/TEXTURAS/Content/textures/1_Mat.uasset
[2018.08.02-01.22.25:839][884]MaterialEditorStats: Base pass shader: 97 instructions
[2018.08.02-01.22.25:839][884]MaterialEditorStats: Vertex shader: 31 instructions
[2018.08.02-01.22.25:839][884]MaterialEditorStats: Texture samplers: 7/16
[2018.08.02-01.22.25:839][884]MaterialEditorStats: User interpolators: 2/4 Scalars (1/4 Vectors) (TexCoords: 2, Custom: 0)
[2018.08.02-01.22.57:524][188]LogMaterial: Missing cached shader map for material PreviewMaterial_0, compiling. 
[2018.08.02-01.22.58:475][259]MaterialEditorStats: Base pass shader: 90 instructions
[2018.08.02-01.22.58:476][259]MaterialEditorStats: Vertex shader: 31 instructions
[2018.08.02-01.22.58:476][259]MaterialEditorStats: Texture samplers: 5/16
[2018.08.02-01.22.58:476][259]MaterialEditorStats: User interpolators: 2/4 Scalars (1/4 Vectors) (TexCoords: 2, Custom: 0)
[2018.08.02-01.23.00:284][433]LogMaterial: Missing cached shader map for material PreviewMaterial_0, compiling. 
[2018.08.02-01.23.00:294][433]LogMaterial: Warning: FMaterialUniformExpressionTexture had invalid TextureIndex! (4 / 4)
[2018.08.02-01.23.01:024][480]MaterialEditorStats: Base pass shader: 90 instructions
[2018.08.02-01.23.01:024][480]MaterialEditorStats: Vertex shader: 31 instructions
[2018.08.02-01.23.01:024][480]MaterialEditorStats: Texture samplers: 5/16
[2018.08.02-01.23.01:024][480]MaterialEditorStats: User interpolators: 2/4 Scalars (1/4 Vectors) (TexCoords: 2, Custom: 0)
[2018.08.02-01.23.04:840][866]LogMaterialEditor: Saving and Compiling material 1_Mat
[2018.08.02-01.23.05:233][866]LogMaterial: Missing cached shader map for material PreviewMaterial_0, compiling. 
[2018.08.02-01.23.05:285][866]LogMaterial: Missing cached shader map for material 1_Mat, compiling. 
[2018.08.02-01.23.05:327][866]LogMaterial: Missing cached shader map for material 1_Mat, compiling. 
[2018.08.02-01.23.05:367][866]LogMaterial: Missing cached shader map for material FDebugViewModeMaterialProxy 1_Mat, compiling. 
[2018.08.02-01.23.05:920][866]TextureStreamingBuild: Display: Compiling optional shaders took 0.559 seconds.
[2018.08.02-01.23.07:145][866]Cmd: OBJ SAVEPACKAGE PACKAGE="/Game/textures/1_Mat" FILE="../../../../../../Users/rogerio freitas/Documents/Unreal Projects/TEXTURAS/Content/textures/1_Mat.uasset" SILENT=true
[2018.08.02-01.23.07:159][866]LogSavePackage: Save=11.40ms
[2018.08.02-01.23.07:159][866]LogSavePackage: Moving '../../../../../../Users/rogerio freitas/Documents/Unreal Projects/TEXTURAS/Saved/1_MatFBB958CF406C29024AC2CA9521143934.tmp' to '../../../../../../Users/rogerio freitas/Documents/Unreal Projects/TEXTURAS/Content/textures/1_Mat.uasset'
[2018.08.02-01.23.07:160][866]LogSavePackage: Display: Finished SavePackage ../../../../../../Users/rogerio freitas/Documents/Unreal Projects/TEXTURAS/Content/textures/1_Mat.uasset
[2018.08.02-01.23.07:185][866]MaterialEditorStats: Base pass shader: 90 instructions
[2018.08.02-01.23.07:186][866]MaterialEditorStats: Vertex shader: 31 instructions
[2018.08.02-01.23.07:186][866]MaterialEditorStats: Texture samplers: 6/16
[2018.08.02-01.23.07:186][866]MaterialEditorStats: User interpolators: 2/4 Scalars (1/4 Vectors) (TexCoords: 2, Custom: 0)
[2018.08.02-01.23.13:134][470]LogMaterial: Missing cached shader map for material PreviewMaterial_0, compiling. 
[2018.08.02-01.23.13:883][521]MaterialEditorStats: Base pass shader: 90 instructions
[2018.08.02-01.23.13:883][521]MaterialEditorStats: Vertex shader: 31 instructions
[2018.08.02-01.23.13:883][521]MaterialEditorStats: Texture samplers: 5/16
[2018.08.02-01.23.13:883][521]MaterialEditorStats: User interpolators: 2/4 Scalars (1/4 Vectors) (TexCoords: 2, Custom: 0)
[2018.08.02-01.23.14:771][620]LogMaterial: Missing cached shader map for material PreviewMaterial_0, compiling. 
[2018.08.02-01.23.15:545][675]MaterialEditorStats: Base pass shader: 90 instructions
[2018.08.02-01.23.15:545][675]MaterialEditorStats: Vertex shader: 31 instructions
[2018.08.02-01.23.15:545][675]MaterialEditorStats: Texture samplers: 5/16
[2018.08.02-01.23.15:545][675]MaterialEditorStats: User interpolators: 2/4 Scalars (1/4 Vectors) (TexCoords: 2, Custom: 0)
[2018.08.02-01.23.16:497][783]LogMaterial: Missing cached shader map for material PreviewMaterial_0, compiling. 
[2018.08.02-01.23.17:240][835]MaterialEditorStats: Base pass shader: 93 instructions
[2018.08.02-01.23.17:240][835]MaterialEditorStats: Vertex shader: 31 instructions
[2018.08.02-01.23.17:240][835]MaterialEditorStats: Texture samplers: 5/16
[2018.08.02-01.23.17:240][835]MaterialEditorStats: User interpolators: 2/4 Scalars (1/4 Vectors) (TexCoords: 2, Custom: 0)
[2018.08.02-01.23.19:829][106]LogMaterial: Missing cached shader map for material PreviewMaterial_0, compiling. 
[2018.08.02-01.23.20:577][159]MaterialEditorStats: Base pass shader: 95 instructions
[2018.08.02-01.23.20:577][159]MaterialEditorStats: Vertex shader: 31 instructions
[2018.08.02-01.23.20:577][159]MaterialEditorStats: Texture samplers: 5/16
[2018.08.02-01.23.20:577][159]MaterialEditorStats: User interpolators: 2/4 Scalars (1/4 Vectors) (TexCoords: 2, Custom: 0)
[2018.08.02-01.23.24:414][546]LogMaterial: Missing cached shader map for material PreviewMaterial_0, compiling. 
[2018.08.02-01.23.25:164][600]MaterialEditorStats: Base pass shader: 93 instructions
[2018.08.02-01.23.25:164][600]MaterialEditorStats: Vertex shader: 31 instructions
[2018.08.02-01.23.25:164][600]MaterialEditorStats: Texture samplers: 5/16
[2018.08.02-01.23.25:164][600]MaterialEditorStats: User interpolators: 2/4 Scalars (1/4 Vectors) (TexCoords: 2, Custom: 0)
[2018.08.02-01.23.28:406][943]LogMaterial: Missing cached shader map for material PreviewMaterial_0, compiling. 
[2018.08.02-01.23.29:170][998]MaterialEditorStats: Base pass shader: 95 instructions
[2018.08.02-01.23.29:170][998]MaterialEditorStats: Vertex shader: 31 instructions
[2018.08.02-01.23.29:171][998]MaterialEditorStats: Texture samplers: 5/16
[2018.08.02-01.23.29:171][998]MaterialEditorStats: User interpolators: 2/4 Scalars (1/4 Vectors) (TexCoords: 2, Custom: 0)
[2018.08.02-01.23.31:712][272]LogMaterial: Missing cached shader map for material PreviewMaterial_0, compiling. 
[2018.08.02-01.23.32:467][324]MaterialEditorStats: Base pass shader: 93 instructions
[2018.08.02-01.23.32:467][324]MaterialEditorStats: Vertex shader: 31 instructions
[2018.08.02-01.23.32:467][324]MaterialEditorStats: Texture samplers: 4/16
[2018.08.02-01.23.32:467][324]MaterialEditorStats: User interpolators: 2/4 Scalars (1/4 Vectors) (TexCoords: 2, Custom: 0)
[2018.08.02-01.23.34:225][504]LogMaterialEditor: Saving and Compiling material 1_Mat
[2018.08.02-01.23.34:616][504]LogMaterial: Missing cached shader map for material PreviewMaterial_0, compiling. 
[2018.08.02-01.23.34:652][504]LogMaterial: Missing cached shader map for material 1_Mat, compiling. 
[2018.08.02-01.23.34:676][504]LogMaterial: Missing cached shader map for material 1_Mat, compiling. 
[2018.08.02-01.23.34:722][504]LogMaterial: Missing cached shader map for material FDebugViewModeMaterialProxy 1_Mat, compiling. 
[2018.08.02-01.23.35:315][504]TextureStreamingBuild: Display: Compiling optional shaders took 0.612 seconds.
[2018.08.02-01.23.36:582][504]Cmd: OBJ SAVEPACKAGE PACKAGE="/Game/textures/1_Mat" FILE="../../../../../../Users/rogerio freitas/Documents/Unreal Projects/TEXTURAS/Content/textures/1_Mat.uasset" SILENT=true
[2018.08.02-01.23.36:597][504]LogSavePackage: Save=12.07ms
[2018.08.02-01.23.36:597][504]LogSavePackage: Moving '../../../../../../Users/rogerio freitas/Documents/Unreal Projects/TEXTURAS/Saved/1_Mat1463362C433E1C57894530ACDA5DF624.tmp' to '../../../../../../Users/rogerio freitas/Documents/Unreal Projects/TEXTURAS/Content/textures/1_Mat.uasset'
[2018.08.02-01.23.36:597][504]LogSavePackage: Display: Finished SavePackage ../../../../../../Users/rogerio freitas/Documents/Unreal Projects/TEXTURAS/Content/textures/1_Mat.uasset
[2018.08.02-01.23.36:622][504]MaterialEditorStats: Base pass shader: 93 instructions
[2018.08.02-01.23.36:622][504]MaterialEditorStats: Vertex shader: 31 instructions
[2018.08.02-01.23.36:622][504]MaterialEditorStats: Texture samplers: 5/16
[2018.08.02-01.23.36:622][504]MaterialEditorStats: User interpolators: 2/4 Scalars (1/4 Vectors) (TexCoords: 2, Custom: 0)
[2018.08.02-01.23.45:869][579]Cmd: TRANSACTION UNDO
[2018.08.02-01.23.45:869][579]LogEditorTransaction: Undo Scale Actors
[2018.08.02-01.23.45:878][579]LogMaterial: Missing cached shader map for material PreviewMaterial_0, compiling. 
[2018.08.02-01.23.46:598][636]MaterialEditorStats: Base pass shader: 93 instructions
[2018.08.02-01.23.46:598][636]MaterialEditorStats: Vertex shader: 31 instructions
[2018.08.02-01.23.46:598][636]MaterialEditorStats: Texture samplers: 4/16
[2018.08.02-01.23.46:598][636]MaterialEditorStats: User interpolators: 2/4 Scalars (1/4 Vectors) (TexCoords: 2, Custom: 0)
[2018.08.02-01.23.47:177][705]LogTemp: Repeating last play command: New Editor Window (PIE)
[2018.08.02-01.23.47:335][705]LogBlueprintUserMessages: Early PlayInEditor Detection: Level '/Game/ThirdPersonBP/Maps/ThirdPersonExampleMap.ThirdPersonExampleMap:PersistentLevel' has LevelScriptBlueprint '/Game/ThirdPersonBP/Maps/ThirdPersonExampleMap.ThirdPersonExampleMap:PersistentLevel.ThirdPersonExampleMap' with GeneratedClass '/Game/ThirdPersonBP/Maps/ThirdPersonExampleMap.ThirdPersonExampleMap_C' with ClassGeneratedBy '/Game/ThirdPersonBP/Maps/ThirdPersonExampleMap.ThirdPersonExampleMap:PersistentLevel.ThirdPersonExampleMap'
[2018.08.02-01.23.47:335][705]LogPlayLevel: PlayLevel: No blueprints needed recompiling
[2018.08.02-01.23.47:394][705]PIE: New page: PIE session: ThirdPersonExampleMap (Aug 1, 2018, 7:23:47 PM)
[2018.08.02-01.23.47:394][705]LogPlayLevel: Creating play world package: /Game/ThirdPersonBP/Maps/UEDPIE_0_ThirdPersonExampleMap
[2018.08.02-01.23.47:466][705]LogPlayLevel: PIE: StaticDuplicateObject took: (0.071606s)
[2018.08.02-01.23.47:468][705]LogAIModule: Creating AISystem for world ThirdPersonExampleMap
[2018.08.02-01.23.47:468][705]LogPlayLevel: PIE: World Init took: (0.002280s)
[2018.08.02-01.23.47:469][705]LogPlayLevel: PIE: Created PIE world by copying editor world from /Game/ThirdPersonBP/Maps/ThirdPersonExampleMap.ThirdPersonExampleMap to /Game/ThirdPersonBP/Maps/UEDPIE_0_ThirdPersonExampleMap.ThirdPersonExampleMap (0.074768s)
[2018.08.02-01.23.47:499][705]LogInit: XAudio2 using 'SAMSUNG-4 (NVIDIA High Definition Audio)' : 2 channels at 48 kHz using 16 bits per sample (channel mask 0x3)
[2018.08.02-01.23.47:508][705]LogInit: FAudioDevice initialized.
[2018.08.02-01.23.47:596][705]LogLoad: Game class is 'ThirdPersonGameMode_C'
[2018.08.02-01.23.47:648][705]LogWorld: Bringing World /Game/ThirdPersonBP/Maps/UEDPIE_0_ThirdPersonExampleMap.ThirdPersonExampleMap up for play (max tick rate 0) at 2018.08.01-22.23.47
[2018.08.02-01.23.47:675][705]LogWorld: Bringing up level for play took: 0.029200
[2018.08.02-01.23.47:722][705]LogGameMode: FindPlayerStart: PATHS NOT DEFINED or NO PLAYERSTART with positive rating
[2018.08.02-01.23.47:781][705]LogContentBrowser: Native class hierarchy updated for 'MovieSceneCapture' in 0.0006 seconds. Added 11 classes and 0 folders.
[2018.08.02-01.23.47:798][705]PIE: Play in editor start time for /Game/ThirdPersonBP/Maps/UEDPIE_0_ThirdPersonExampleMap 0.813
[2018.08.02-01.23.47:805][705]LogBlueprintUserMessages: Late PlayInEditor Detection: Level '/Game/ThirdPersonBP/Maps/ThirdPersonExampleMap.ThirdPersonExampleMap:PersistentLevel' has LevelScriptBlueprint '/Game/ThirdPersonBP/Maps/ThirdPersonExampleMap.ThirdPersonExampleMap:PersistentLevel.ThirdPersonExampleMap' with GeneratedClass '/Game/ThirdPersonBP/Maps/ThirdPersonExampleMap.ThirdPersonExampleMap_C' with ClassGeneratedBy '/Game/ThirdPersonBP/Maps/ThirdPersonExampleMap.ThirdPersonExampleMap:PersistentLevel.ThirdPersonExampleMap'
[2018.08.02-01.23.47:939][705]LogRenderer: Reallocating scene render targets to support 1292x756 Format 10 NumSamples 1 (Frame:1).
[2018.08.02-01.24.07:550][ 28]LogBlueprintUserMessages: Early EndPlayMap Detection: Level '/Game/ThirdPersonBP/Maps/ThirdPersonExampleMap.ThirdPersonExampleMap:PersistentLevel' has LevelScriptBlueprint '/Game/ThirdPersonBP/Maps/ThirdPersonExampleMap.ThirdPersonExampleMap:PersistentLevel.ThirdPersonExampleMap' with GeneratedClass '/Game/ThirdPersonBP/Maps/ThirdPersonExampleMap.ThirdPersonExampleMap_C' with ClassGeneratedBy '/Game/ThirdPersonBP/Maps/ThirdPersonExampleMap.ThirdPersonExampleMap:PersistentLevel.ThirdPersonExampleMap'
[2018.08.02-01.24.07:616][ 28]LogBlueprintUserMessages: Late EndPlayMap Detection: Level '/Game/ThirdPersonBP/Maps/ThirdPersonExampleMap.ThirdPersonExampleMap:PersistentLevel' has LevelScriptBlueprint '/Game/ThirdPersonBP/Maps/ThirdPersonExampleMap.ThirdPersonExampleMap:PersistentLevel.ThirdPersonExampleMap' with GeneratedClass '/Game/ThirdPersonBP/Maps/ThirdPersonExampleMap.ThirdPersonExampleMap_C' with ClassGeneratedBy '/Game/ThirdPersonBP/Maps/ThirdPersonExampleMap.ThirdPersonExampleMap:PersistentLevel.ThirdPersonExampleMap'
[2018.08.02-01.24.13:906][774]LogEditorViewport: Clicking on Actor (LMB): ThirdPersonCharacter_C (ThirdPersonCharacter)
[2018.08.02-01.24.17:786][219]LogEditorViewport: Clicking on Actor (LMB): ThirdPersonCharacter_C (ThirdPersonCharacter)
[2018.08.02-01.24.18:480][300]LogEditorViewport: Clicking on Actor (LMB): ThirdPersonCharacter_C (ThirdPersonCharacter)
[2018.08.02-01.24.18:555][307]LogEditorViewport: Clicking on Component (LMB): CameraComponent (FollowCamera)
[2018.08.02-01.24.37:421][532]LogTemp: Repeating last play command: New Editor Window (PIE)
[2018.08.02-01.24.37:436][532]LogBlueprintUserMessages: Early PlayInEditor Detection: Level '/Game/ThirdPersonBP/Maps/ThirdPersonExampleMap.ThirdPersonExampleMap:PersistentLevel' has LevelScriptBlueprint '/Game/ThirdPersonBP/Maps/ThirdPersonExampleMap.ThirdPersonExampleMap:PersistentLevel.ThirdPersonExampleMap' with GeneratedClass '/Game/ThirdPersonBP/Maps/ThirdPersonExampleMap.ThirdPersonExampleMap_C' with ClassGeneratedBy '/Game/ThirdPersonBP/Maps/ThirdPersonExampleMap.ThirdPersonExampleMap:PersistentLevel.ThirdPersonExampleMap'
[2018.08.02-01.24.37:436][532]LogPlayLevel: PlayLevel: No blueprints needed recompiling
[2018.08.02-01.24.37:436][532]PIE: New page: PIE session: ThirdPersonExampleMap (Aug 1, 2018, 7:24:37 PM)
[2018.08.02-01.24.37:436][532]LogPlayLevel: Creating play world package: /Game/ThirdPersonBP/Maps/UEDPIE_0_ThirdPersonExampleMap
[2018.08.02-01.24.37:457][532]LogPlayLevel: PIE: StaticDuplicateObject took: (0.020938s)
[2018.08.02-01.24.37:458][532]LogAIModule: Creating AISystem for world ThirdPersonExampleMap
[2018.08.02-01.24.37:458][532]LogPlayLevel: PIE: World Init took: (0.001082s)
[2018.08.02-01.24.37:458][532]LogPlayLevel: PIE: Created PIE world by copying editor world from /Game/ThirdPersonBP/Maps/ThirdPersonExampleMap.ThirdPersonExampleMap to /Game/ThirdPersonBP/Maps/UEDPIE_0_ThirdPersonExampleMap.ThirdPersonExampleMap (0.022359s)
[2018.08.02-01.24.37:512][532]LogInit: XAudio2 using 'SAMSUNG-4 (NVIDIA High Definition Audio)' : 2 channels at 48 kHz using 16 bits per sample (channel mask 0x3)
[2018.08.02-01.24.37:517][532]LogInit: FAudioDevice initialized.
[2018.08.02-01.24.37:552][532]LogLoad: Game class is 'ThirdPersonGameMode_C'
[2018.08.02-01.24.37:556][532]LogWorld: Bringing World /Game/ThirdPersonBP/Maps/UEDPIE_0_ThirdPersonExampleMap.ThirdPersonExampleMap up for play (max tick rate 0) at 2018.08.01-22.24.37
[2018.08.02-01.24.37:556][532]LogWorld: Bringing up level for play took: 0.003343
[2018.08.02-01.24.37:557][532]LogGameMode: FindPlayerStart: PATHS NOT DEFINED or NO PLAYERSTART with positive rating
[2018.08.02-01.24.37:561][532]PIE: Play in editor start time for /Game/ThirdPersonBP/Maps/UEDPIE_0_ThirdPersonExampleMap 0.576
[2018.08.02-01.24.37:562][532]LogBlueprintUserMessages: Late PlayInEditor Detection: Level '/Game/ThirdPersonBP/Maps/ThirdPersonExampleMap.ThirdPersonExampleMap:PersistentLevel' has LevelScriptBlueprint '/Game/ThirdPersonBP/Maps/ThirdPersonExampleMap.ThirdPersonExampleMap:PersistentLevel.ThirdPersonExampleMap' with GeneratedClass '/Game/ThirdPersonBP/Maps/ThirdPersonExampleMap.ThirdPersonExampleMap_C' with ClassGeneratedBy '/Game/ThirdPersonBP/Maps/ThirdPersonExampleMap.ThirdPersonExampleMap:PersistentLevel.ThirdPersonExampleMap'
[2018.08.02-01.25.25:893][315]LogBlueprintUserMessages: [ThirdPersonCharacter_167] 0
[2018.08.02-01.25.27:401][496]LogBlueprintUserMessages: [ThirdPersonCharacter_167] 1
[2018.08.02-01.25.28:942][681]LogBlueprintUserMessages: [ThirdPersonCharacter_167] 2
[2018.08.02-01.25.30:109][821]LogBlueprintUserMessages: [ThirdPersonCharacter_167] 3
[2018.08.02-01.25.32:834][146]LogBlueprintUserMessages: [ThirdPersonCharacter_167] 4
[2018.08.02-01.25.33:928][276]LogBlueprintUserMessages: [ThirdPersonCharacter_167] 5
[2018.08.02-01.26.29:745][972]LogBlueprintUserMessages: Early EndPlayMap Detection: Level '/Game/ThirdPersonBP/Maps/ThirdPersonExampleMap.ThirdPersonExampleMap:PersistentLevel' has LevelScriptBlueprint '/Game/ThirdPersonBP/Maps/ThirdPersonExampleMap.ThirdPersonExampleMap:PersistentLevel.ThirdPersonExampleMap' with GeneratedClass '/Game/ThirdPersonBP/Maps/ThirdPersonExampleMap.ThirdPersonExampleMap_C' with ClassGeneratedBy '/Game/ThirdPersonBP/Maps/ThirdPersonExampleMap.ThirdPersonExampleMap:PersistentLevel.ThirdPersonExampleMap'
[2018.08.02-01.26.29:823][972]LogBlueprintUserMessages: Late EndPlayMap Detection: Level '/Game/ThirdPersonBP/Maps/ThirdPersonExampleMap.ThirdPersonExampleMap:PersistentLevel' has LevelScriptBlueprint '/Game/ThirdPersonBP/Maps/ThirdPersonExampleMap.ThirdPersonExampleMap:PersistentLevel.ThirdPersonExampleMap' with GeneratedClass '/Game/ThirdPersonBP/Maps/ThirdPersonExampleMap.ThirdPersonExampleMap_C' with ClassGeneratedBy '/Game/ThirdPersonBP/Maps/ThirdPersonExampleMap.ThirdPersonExampleMap:PersistentLevel.ThirdPersonExampleMap'
[2018.08.02-01.26.34:327][137]Cmd: QUIT_EDITOR
[2018.08.02-01.26.35:249][137]LogWindowsTextInputMethodSystem: Display: IME system now deactivated.
[2018.08.02-01.26.35:279][137]LogExit: Preparing to exit.
[2018.08.02-01.26.35:794][137]LogDirectoryWatcher: A directory notification for 'D:/Users/rogerio freitas/Documents/Unreal Projects/TEXTURAS/Content/' was aborted.
[2018.08.02-01.26.35:826][137]LogExit: Editor shut down
[2018.08.02-01.26.35:830][137]LogExit: Transaction tracking system shut down
[2018.08.02-01.26.35:942][137]LogDirectoryWatcher: A directory notification for '../../../Engine/Content/' was aborted.
[2018.08.02-01.26.35:942][137]LogDirectoryWatcher: A directory notification for '../../../../../../Users/rogerio freitas/Documents/Unreal Projects/TEXTURAS/Content/' was aborted.
[2018.08.02-01.26.35:942][137]LogDirectoryWatcher: A directory notification for '../../../Engine/Plugins/2D/Paper2D/Content/' was aborted.
[2018.08.02-01.26.35:942][137]LogDirectoryWatcher: A directory notification for '../../../Engine/Plugins/Runtime/Oculus/OculusVR/Content/' was aborted.
[2018.08.02-01.26.35:942][137]LogDirectoryWatcher: A directory notification for '../../../Engine/Plugins/Runtime/Steam/SteamVR/Content/' was aborted.
[2018.08.02-01.26.36:006][137]LogExit: Object subsystem successfully closed.
[2018.08.02-01.26.36:038][137]LogD3D11RHI: Shutdown
[2018.08.02-01.26.36:038][137]LogD3D11RHI: CleanupD3DDevice
[2018.08.02-01.26.36:053][137]LogD3D11RHI: ~FD3D11DynamicRHI
[2018.08.02-01.26.36:059][137]LogModuleManager: Shutting down and abandoning module MovieSceneCapture (536)
[2018.08.02-01.26.36:059][137]LogModuleManager: Shutting down and abandoning module MaterialEditor (534)
[2018.08.02-01.26.36:059][137]LogModuleManager: Shutting down and abandoning module HierarchicalLODOutliner (532)
[2018.08.02-01.26.36:059][137]LogModuleManager: Shutting down and abandoning module WorldBrowser (530)
[2018.08.02-01.26.36:059][137]LogModuleManager: Shutting down and abandoning module SceneOutliner (528)
[2018.08.02-01.26.36:059][137]LogModuleManager: Shutting down and abandoning module AddContentDialog (526)
[2018.08.02-01.26.36:059][137]LogDirectoryWatcher: A directory notification for 'D:/Program Files/Epic Games/UE_4.17/FeaturePacks/' was aborted.
[2018.08.02-01.26.36:060][137]LogModuleManager: Shutting down and abandoning module WidgetCarousel (525)
[2018.08.02-01.26.36:060][137]LogModuleManager: Shutting down and abandoning module EditorWidgets (522)
[2018.08.02-01.26.36:060][137]LogModuleManager: Shutting down and abandoning module CollectionManager (520)
[2018.08.02-01.26.36:060][137]LogDirectoryWatcher: A directory notification for 'D:/Users/rogerio freitas/Documents/Unreal Projects/TEXTURAS/Content/Collections/' was aborted.
[2018.08.02-01.26.36:060][137]LogDirectoryWatcher: A directory notification for 'D:/Users/rogerio freitas/Documents/Unreal Projects/TEXTURAS/Content/Developers/rogeriofreitas/Collections/' was aborted.
[2018.08.02-01.26.36:060][137]LogDirectoryWatcher: A directory notification for 'D:/Users/rogerio freitas/Documents/Unreal Projects/TEXTURAS/Saved/Collections/' was aborted.
[2018.08.02-01.26.36:060][137]LogModuleManager: Shutting down and abandoning module StatsViewer (518)
[2018.08.02-01.26.36:060][137]LogModuleManager: Shutting down and abandoning module FoliageEdit (516)
[2018.08.02-01.26.36:060][137]LogModuleManager: Shutting down and abandoning module LandscapeEditor (514)
[2018.08.02-01.26.36:060][137]LogModuleManager: Shutting down and abandoning module MeshPaintMode (512)
[2018.08.02-01.26.36:060][137]LogModuleManager: Shutting down and abandoning module SceneDepthPickerMode (510)
[2018.08.02-01.26.36:060][137]LogModuleManager: Shutting down and abandoning module ActorPickerMode (508)
[2018.08.02-01.26.36:060][137]LogModuleManager: Shutting down and abandoning module GeometryMode (506)
[2018.08.02-01.26.36:060][137]LogModuleManager: Shutting down and abandoning module TextureAlignMode (504)
[2018.08.02-01.26.36:060][137]LogModuleManager: Shutting down and abandoning module BspMode (502)
[2018.08.02-01.26.36:060][137]LogModuleManager: Shutting down and abandoning module PIEPreviewDeviceProfileSelector (500)
[2018.08.02-01.26.36:060][137]LogModuleManager: Shutting down and abandoning module HardwareSurvey (498)
[2018.08.02-01.26.36:060][137]LogModuleManager: Shutting down and abandoning module SequenceRecorderSections (496)
[2018.08.02-01.26.36:060][137]LogModuleManager: Shutting down and abandoning module AutomationWorker (494)
[2018.08.02-01.26.36:060][137]LogModuleManager: Shutting down and abandoning module MatineeToLevelSequence (492)
[2018.08.02-01.26.36:060][137]LogModuleManager: Shutting down and abandoning module LevelSequenceEditor (490)
[2018.08.02-01.26.36:060][137]LogModuleManager: Shutting down and abandoning module PlacementMode (489)
[2018.08.02-01.26.36:060][137]LogModuleManager: Shutting down and abandoning module WmfMediaFactory (486)
[2018.08.02-01.26.36:060][137]LogModuleManager: Shutting down and abandoning module WmfMediaEditor (484)
[2018.08.02-01.26.36:060][137]LogModuleManager: Shutting down and abandoning module AvfMediaFactory (482)
[2018.08.02-01.26.36:060][137]LogModuleManager: Shutting down and abandoning module AvfMediaEditor (480)
[2018.08.02-01.26.36:061][137]LogModuleManager: Shutting down and abandoning module AndroidMediaFactory (478)
[2018.08.02-01.26.36:061][137]LogModuleManager: Shutting down and abandoning module Media (477)
[2018.08.02-01.26.36:061][137]LogModuleManager: Shutting down and abandoning module AndroidMediaEditor (474)
[2018.08.02-01.26.36:061][137]LogModuleManager: Shutting down and abandoning module CharacterAI (472)
[2018.08.02-01.26.36:061][137]LogModuleManager: Shutting down and abandoning module AudioCapture (470)
[2018.08.02-01.26.36:061][137]LogModuleManager: Shutting down and abandoning module SequenceRecorder (469)
[2018.08.02-01.26.36:061][137]LogModuleManager: Shutting down and abandoning module SmartSnapping (466)
[2018.08.02-01.26.36:061][137]LogModuleManager: Shutting down and abandoning module SessionServices (464)
[2018.08.02-01.26.36:061][137]LogModuleManager: Shutting down and abandoning module ViewportSnapping (462)
[2018.08.02-01.26.36:061][137]LogModuleManager: Shutting down and abandoning module ViewportInteraction (460)
[2018.08.02-01.26.36:061][137]LogModuleManager: Shutting down and abandoning module ClothPainter (458)
[2018.08.02-01.26.36:061][137]LogModuleManager: Shutting down and abandoning module LogVisualizer (456)
[2018.08.02-01.26.36:061][137]LogModuleManager: Shutting down and abandoning module IntroTutorials (454)
[2018.08.02-01.26.36:061][137]LogModuleManager: Shutting down and abandoning module GameProjectGeneration (453)
[2018.08.02-01.26.36:061][137]LogModuleManager: Shutting down and abandoning module IOSPlatformEditor (450)
[2018.08.02-01.26.36:061][137]LogModuleManager: Shutting down and abandoning module HTML5PlatformEditor (448)
[2018.08.02-01.26.36:061][137]LogModuleManager: Shutting down and abandoning module AndroidPlatformEditor (446)
[2018.08.02-01.26.36:061][137]LogModuleManager: Shutting down and abandoning module AndroidDeviceDetection (445)
[2018.08.02-01.26.36:471][137]LogModuleManager: Shutting down and abandoning module WindowsPlatformEditor (442)
[2018.08.02-01.26.36:471][137]LogModuleManager: Shutting down and abandoning module IOSRuntimeSettings (440)
[2018.08.02-01.26.36:471][137]LogModuleManager: Shutting down and abandoning module AndroidRuntimeSettings (438)
[2018.08.02-01.26.36:471][137]LogModuleManager: Shutting down and abandoning module InputBindingEditor (436)
[2018.08.02-01.26.36:472][137]LogModuleManager: Shutting down and abandoning module MergeActors (434)
[2018.08.02-01.26.36:472][137]LogModuleManager: Shutting down and abandoning module SizeMap (432)
[2018.08.02-01.26.36:472][137]LogModuleManager: Shutting down and abandoning module TreeMap (430)
[2018.08.02-01.26.36:472][137]LogModuleManager: Shutting down and abandoning module ReferenceViewer (428)
[2018.08.02-01.26.36:472][137]LogModuleManager: Shutting down and abandoning module LocalizationDashboard (426)
[2018.08.02-01.26.36:472][137]LogModuleManager: Shutting down and abandoning module LocalizationService (425)
[2018.08.02-01.26.36:473][137]LogModuleManager: Shutting down and abandoning module HardwareTargeting (422)
[2018.08.02-01.26.36:473][137]LogModuleManager: Shutting down and abandoning module DeviceProfileEditor (420)
[2018.08.02-01.26.36:473][137]LogModuleManager: Shutting down and abandoning module UndoHistory (418)
[2018.08.02-01.26.36:473][137]LogModuleManager: Shutting down and abandoning module XmlParser (416)
[2018.08.02-01.26.36:473][137]LogModuleManager: Shutting down and abandoning module Blutility (414)
[2018.08.02-01.26.36:473][137]LogModuleManager: Shutting down and abandoning module ProjectSettingsViewer (412)
[2018.08.02-01.26.36:474][137]LogModuleManager: Shutting down and abandoning module ProjectTargetPlatformEditor (411)
[2018.08.02-01.26.36:474][137]LogModuleManager: Shutting down and abandoning module EditorSettingsViewer (408)
[2018.08.02-01.26.36:474][137]LogModuleManager: Shutting down and abandoning module SettingsEditor (406)
[2018.08.02-01.26.36:474][137]LogModuleManager: Shutting down and abandoning module ProjectLauncher (404)
[2018.08.02-01.26.36:475][137]LogModuleManager: Shutting down and abandoning module SessionFrontend (402)
[2018.08.02-01.26.36:475][137]LogModuleManager: Shutting down and abandoning module ProfilerClient (400)
[2018.08.02-01.26.36:475][137]LogModuleManager: Shutting down and abandoning module DeviceManager (398)
[2018.08.02-01.26.36:475][137]LogModuleManager: Shutting down and abandoning module TargetDeviceServices (397)
[2018.08.02-01.26.36:519][137]LogModuleManager: Shutting down and abandoning module AutomationController (394)
[2018.08.02-01.26.36:519][137]LogModuleManager: Shutting down and abandoning module AutomationWindow (392)
[2018.08.02-01.26.36:519][137]LogModuleManager: Shutting down and abandoning module Layers (390)
[2018.08.02-01.26.36:519][137]LogModuleManager: Shutting down and abandoning module ComponentVisualizers (388)
[2018.08.02-01.26.36:519][137]LogModuleManager: Shutting down and abandoning module DetailCustomizations (386)
[2018.08.02-01.26.36:519][137]LogModuleManager: Shutting down and abandoning module PackagesDialog (384)
[2018.08.02-01.26.36:521][137]LogModuleManager: Shutting down and abandoning module Persona (382)
[2018.08.02-01.26.36:521][137]LogModuleManager: Shutting down and abandoning module AdvancedPreviewScene (381)
[2018.08.02-01.26.36:521][137]LogModuleManager: Shutting down and abandoning module AnimGraph (379)
[2018.08.02-01.26.36:521][137]LogModuleManager: Shutting down and abandoning module Kismet (376)
[2018.08.02-01.26.36:522][137]LogModuleManager: Shutting down and abandoning module ClassViewer (374)
[2018.08.02-01.26.36:523][137]LogModuleManager: Shutting down and abandoning module Toolbox (372)
[2018.08.02-01.26.36:523][137]LogModuleManager: Shutting down and abandoning module ModuleUI (370)
[2018.08.02-01.26.36:523][137]LogModuleManager: Shutting down and abandoning module MovieSceneTools (368)
[2018.08.02-01.26.36:523][137]LogModuleManager: Shutting down and abandoning module OutputLog (366)
[2018.08.02-01.26.36:523][137]LogModuleManager: Shutting down and abandoning module GammaUI (364)
[2018.08.02-01.26.36:523][137]LogModuleManager: Shutting down and abandoning module Documentation (362)
[2018.08.02-01.26.36:523][137]LogModuleManager: Shutting down and abandoning module MovieSceneTracks (360)
[2018.08.02-01.26.36:524][137]LogModuleManager: Shutting down and abandoning module MovieScene (358)
[2018.08.02-01.26.36:524][137]LogModuleManager: Shutting down and abandoning module Niagara (356)
[2018.08.02-01.26.36:524][137]LogModuleManager: Shutting down and abandoning module NiagaraEditor (355)
[2018.08.02-01.26.36:524][137]LogModuleManager: Shutting down and abandoning module StreamingPauseRendering (352)
[2018.08.02-01.26.36:524][137]LogModuleManager: Shutting down and abandoning module LauncherPlatform (350)
[2018.08.02-01.26.36:524][137]LogModuleManager: Shutting down and abandoning module AnalyticsET (348)
[2018.08.02-01.26.36:524][137]LogModuleManager: Shutting down and abandoning module PortalServices (346)
[2018.08.02-01.26.36:524][137]LogModuleManager: Shutting down and abandoning module PortalRpc (344)
[2018.08.02-01.26.36:524][137]LogModuleManager: Shutting down and abandoning module MessagingRpc (342)
[2018.08.02-01.26.36:524][137]LogModuleManager: Shutting down and abandoning module AIModule (340)
[2018.08.02-01.26.36:524][137]LogModuleManager: Shutting down and abandoning module GameplayDebugger (339)
[2018.08.02-01.26.36:524][137]LogModuleManager: Shutting down and abandoning module AITestSuite (337)
[2018.08.02-01.26.36:525][137]LogModuleManager: Shutting down and abandoning module ProfilerService (334)
[2018.08.02-01.26.36:697][137]LogModuleManager: Shutting down and abandoning module TaskGraph (332)
[2018.08.02-01.26.36:698][137]LogModuleManager: Shutting down and abandoning module SteamVRController (330)
[2018.08.02-01.26.36:698][137]LogModuleManager: Shutting down and abandoning module ProceduralMeshComponentEditor (328)
[2018.08.02-01.26.36:698][137]LogModuleManager: Shutting down and abandoning module ProceduralMeshComponent (326)
[2018.08.02-01.26.36:698][137]LogModuleManager: Shutting down and abandoning module OculusInput (324)
[2018.08.02-01.26.36:698][137]LogModuleManager: Shutting down and abandoning module MobilePatchingUtils (322)
[2018.08.02-01.26.36:698][137]LogModuleManager: Shutting down and abandoning module CustomMeshComponent (320)
[2018.08.02-01.26.36:698][137]LogModuleManager: Shutting down and abandoning module CableComponent (318)
[2018.08.02-01.26.36:698][137]LogModuleManager: Shutting down and abandoning module ArchVisCharacter (316)
[2018.08.02-01.26.36:698][137]LogModuleManager: Shutting down and abandoning module AndroidPermission (314)
[2018.08.02-01.26.36:698][137]LogModuleManager: Shutting down and abandoning module MediaPlayerEditor (310)
[2018.08.02-01.26.36:698][137]LogModuleManager: Shutting down and abandoning module HTML5Networking (308)
[2018.08.02-01.26.36:698][137]LogModuleManager: Shutting down and abandoning module AlembicImporter (306)
[2018.08.02-01.26.36:699][137]LogModuleManager: Shutting down and abandoning module AlembicLibrary (305)
[2018.08.02-01.26.36:699][137]LogModuleManager: Shutting down and abandoning module GeometryCache (304)
[2018.08.02-01.26.36:699][137]LogModuleManager: Shutting down and abandoning module GeometryCacheEd (303)
[2018.08.02-01.26.36:699][137]LogModuleManager: Shutting down and abandoning module SpeedTreeImporter (298)
[2018.08.02-01.26.36:699][137]LogModuleManager: Shutting down and abandoning module PluginBrowser (296)
[2018.08.02-01.26.36:699][137]LogModuleManager: Shutting down and abandoning module MobileLauncherProfileWizard (294)
[2018.08.02-01.26.36:699][137]LogModuleManager: Shutting down and abandoning module VisualStudioSourceCodeAccess (292)
[2018.08.02-01.26.36:699][137]LogModuleManager: Shutting down and abandoning module DesktopPlatform (291)
[2018.08.02-01.26.36:699][137]LogModuleManager: Shutting down and abandoning module UObjectPlugin (288)
[2018.08.02-01.26.36:699][137]LogModuleManager: Shutting down and abandoning module SubversionSourceControl (286)
[2018.08.02-01.26.36:700][137]LogModuleManager: Shutting down and abandoning module PerforceSourceControl (284)
[2018.08.02-01.26.36:700][137]LogModuleManager: Shutting down and abandoning module GitSourceControl (282)
[2018.08.02-01.26.36:700][137]LogModuleManager: Shutting down and abandoning module SourceControl (281)
[2018.08.02-01.26.36:700][137]LogModuleManager: Shutting down and abandoning module LightPropagationVolumeEditor (278)
[2018.08.02-01.26.36:700][137]LogModuleManager: Shutting down and abandoning module PaperTiledImporter (276)
[2018.08.02-01.26.36:700][137]LogModuleManager: Shutting down and abandoning module PaperSpriteSheetImporter (274)
[2018.08.02-01.26.36:700][137]LogModuleManager: Shutting down and abandoning module Paper2DEditor (272)
[2018.08.02-01.26.36:700][137]LogModuleManager: Shutting down and abandoning module MeshPaint (271)
[2018.08.02-01.26.36:700][137]LogModuleManager: Shutting down and abandoning module LevelEditor (269)
[2018.08.02-01.26.36:701][137]LogModuleManager: Shutting down and abandoning module PixelInspectorModule (268)
[2018.08.02-01.26.36:702][137]LogModuleManager: Shutting down and abandoning module MainFrame (266)
[2018.08.02-01.26.36:702][137]LogModuleManager: Shutting down and abandoning module HotReload (265)
[2018.08.02-01.26.36:702][137]LogModuleManager: Shutting down and abandoning module RuntimePhysXCooking (260)
[2018.08.02-01.26.36:702][137]LogModuleManager: Shutting down and abandoning module PhysXVehiclesEditor (258)
[2018.08.02-01.26.36:702][137]LogModuleManager: Shutting down and abandoning module PhysXVehicles (256)
[2018.08.02-01.26.36:702][137]LogModuleManager: Shutting down and abandoning module OculusEditor (254)
[2018.08.02-01.26.36:702][137]LogModuleManager: Shutting down and abandoning module LocationServicesBPLibrary (252)
[2018.08.02-01.26.36:702][137]LogModuleManager: Shutting down and abandoning module ImmediatePhysicsEditor (250)
[2018.08.02-01.26.36:702][137]LogModuleManager: Shutting down and abandoning module ImmediatePhysics (248)
[2018.08.02-01.26.36:702][137]LogModuleManager: Shutting down and abandoning module UdpMessaging (246)
[2018.08.02-01.26.36:803][137]LogModuleManager: Shutting down and abandoning module TcpMessaging (244)
[2018.08.02-01.26.36:904][137]LogModuleManager: Shutting down and abandoning module GameplayTagsEditor (242)
[2018.08.02-01.26.36:904][137]LogModuleManager: Shutting down and abandoning module FacialAnimationEditor (240)
[2018.08.02-01.26.36:904][137]LogModuleManager: Shutting down and abandoning module FacialAnimation (238)
[2018.08.02-01.26.36:904][137]LogModuleManager: Shutting down and abandoning module AssetManagerEditor (236)
[2018.08.02-01.26.36:904][137]LogModuleManager: Shutting down and abandoning module GraphEditor (235)
[2018.08.02-01.26.36:904][137]LogModuleManager: Shutting down and abandoning module ContentBrowser (233)
[2018.08.02-01.26.36:906][137]LogModuleManager: Shutting down and abandoning module LightPropagationVolumeRuntime (230)
[2018.08.02-01.26.36:906][137]LogModuleManager: Shutting down and abandoning module Paper2D (228)
[2018.08.02-01.26.36:906][137]LogModuleManager: Shutting down and abandoning module WindowsMoviePlayer (226)
[2018.08.02-01.26.36:906][137]LogModuleManager: Shutting down and abandoning module WmfMedia (224)
[2018.08.02-01.26.36:906][137]LogModuleManager: Shutting down and abandoning module PacketHandler (222)
[2018.08.02-01.26.36:906][137]LogModuleManager: Shutting down and abandoning module ClothingSystemEditor (220)
[2018.08.02-01.26.36:906][137]LogModuleManager: Shutting down and abandoning module ClothingSystemRuntime (218)
[2018.08.02-01.26.36:907][137]LogModuleManager: Shutting down and abandoning module Overlay (216)
[2018.08.02-01.26.36:907][137]LogModuleManager: Shutting down and abandoning module OverlayEditor (215)
[2018.08.02-01.26.36:907][137]LogModuleManager: Shutting down and abandoning module MediaAssets (212)
[2018.08.02-01.26.36:907][137]LogModuleManager: Shutting down and abandoning module VREditor (210)
[2018.08.02-01.26.36:907][137]LogModuleManager: Shutting down and abandoning module StringTableEditor (208)
[2018.08.02-01.26.36:907][137]LogModuleManager: Shutting down and abandoning module GameplayTasksEditor (206)
[2018.08.02-01.26.36:907][137]LogModuleManager: Shutting down and abandoning module BehaviorTreeEditor (204)
[2018.08.02-01.26.36:907][137]LogModuleManager: Shutting down and abandoning module FunctionalTesting (202)
[2018.08.02-01.26.36:907][137]LogModuleManager: Shutting down and abandoning module CollisionAnalyzer (200)
[2018.08.02-01.26.36:907][137]LogModuleManager: Shutting down and abandoning module WorkspaceMenuStructure (199)
[2018.08.02-01.26.36:907][137]LogModuleManager: Shutting down and abandoning module UMG (196)
[2018.08.02-01.26.36:907][137]LogModuleManager: Shutting down and abandoning module UMGEditor (195)
[2018.08.02-01.26.36:907][137]LogModuleManager: Shutting down and abandoning module Sequencer (194)
[2018.08.02-01.26.36:907][137]LogModuleManager: Shutting down and abandoning module MessageLog (191)
[2018.08.02-01.26.36:907][137]LogModuleManager: Shutting down and abandoning module SlateReflector (186)
[2018.08.02-01.26.36:907][137]LogModuleManager: Shutting down and abandoning module Slate (184)
[2018.08.02-01.26.36:907][137]LogModuleManager: Shutting down and abandoning module EditorStyle (182)
[2018.08.02-01.26.36:911][137]LogModuleManager: Shutting down and abandoning module MRMesh (180)
[2018.08.02-01.26.36:911][137]LogModuleManager: Shutting down and abandoning module SourceCodeAccess (178)
[2018.08.02-01.26.36:911][137]LogModuleManager: Shutting down and abandoning module HeadMountedDisplay (176)
[2018.08.02-01.26.36:911][137]LogModuleManager: Shutting down and abandoning module XAudio2 (174)
[2018.08.02-01.26.36:911][137]LogModuleManager: Shutting down and abandoning module Networking (172)
[2018.08.02-01.26.36:911][137]LogModuleManager: Shutting down and abandoning module Core (168)
[2018.08.02-01.26.36:911][137]LogModuleManager: Shutting down and abandoning module KismetCompiler (164)
[2018.08.02-01.26.36:911][137]LogModuleManager: Shutting down and abandoning module LevelSequence (162)
[2018.08.02-01.26.36:912][137]LogModuleManager: Shutting down and abandoning module MeshUtilities (160)
[2018.08.02-01.26.36:912][137]LogModuleManager: Shutting down and abandoning module MeshMergeUtilities (159)
[2018.08.02-01.26.36:912][137]LogModuleManager: Shutting down and abandoning module MeshReductionInterface (158)
[2018.08.02-01.26.36:912][137]LogModuleManager: Shutting down and abandoning module SimplygonSwarm (157)
[2018.08.02-01.26.36:912][137]LogModuleManager: Shutting down and abandoning module SimplygonMeshReduction (155)
[2018.08.02-01.26.36:912][137]LogModuleManager: Shutting down and abandoning module QuadricMeshReduction (153)
[2018.08.02-01.26.36:912][137]LogModuleManager: Shutting down and abandoning module MaterialBaking (149)
[2018.08.02-01.26.36:912][137]LogModuleManager: Shutting down and abandoning module DirectoryWatcher (146)
[2018.08.02-01.26.36:913][137]LogModuleManager: Shutting down and abandoning module DerivedDataCache (144)
[2018.08.02-01.26.36:940][137]LogDerivedDataCache: Shutdown
[2018.08.02-01.26.36:940][137]LogModuleManager: Shutting down and abandoning module TargetPlatform (142)
[2018.08.02-01.26.36:941][137]LogModuleManager: Shutting down and abandoning module VulkanShaderFormat (141)
[2018.08.02-01.26.36:941][137]LogModuleManager: Shutting down and abandoning module ShaderFormatVectorVM (139)
[2018.08.02-01.26.36:941][137]LogModuleManager: Shutting down and abandoning module ShaderFormatOpenGL (137)
[2018.08.02-01.26.36:941][137]LogModuleManager: Shutting down and abandoning module ShaderFormatD3D (135)
[2018.08.02-01.26.36:941][137]LogModuleManager: Shutting down and abandoning module MetalShaderFormat (133)
[2018.08.02-01.26.36:941][137]LogModuleManager: Shutting down and abandoning module TextureFormatUncompressed (131)
[2018.08.02-01.26.36:941][137]LogModuleManager: Shutting down and abandoning module TextureFormatPVR (129)
[2018.08.02-01.26.36:941][137]LogModuleManager: Shutting down and abandoning module TextureFormatDXT (127)
[2018.08.02-01.26.36:941][137]LogModuleManager: Shutting down and abandoning module TextureFormatIntelISPCTexComp (125)
[2018.08.02-01.26.36:941][137]LogModuleManager: Shutting down and abandoning module TextureFormatASTC (123)
[2018.08.02-01.26.36:941][137]LogModuleManager: Shutting down and abandoning module ImageWrapper (122)
[2018.08.02-01.26.36:941][137]LogModuleManager: Shutting down and abandoning module TextureFormatAndroid (119)
[2018.08.02-01.26.36:941][137]LogModuleManager: Shutting down and abandoning module AudioFormatOpus (117)
[2018.08.02-01.26.36:941][137]LogModuleManager: Shutting down and abandoning module AudioFormatOgg (115)
[2018.08.02-01.26.36:941][137]LogModuleManager: Shutting down and abandoning module AudioFormatADPCM (113)
[2018.08.02-01.26.36:941][137]LogModuleManager: Shutting down and abandoning module LinuxTargetPlatform (111)
[2018.08.02-01.26.36:941][137]LogModuleManager: Shutting down and abandoning module LinuxServerTargetPlatform (109)
[2018.08.02-01.26.36:941][137]LogModuleManager: Shutting down and abandoning module LinuxNoEditorTargetPlatform (107)
[2018.08.02-01.26.36:941][137]LogModuleManager: Shutting down and abandoning module LinuxClientTargetPlatform (105)
[2018.08.02-01.26.36:941][137]LogModuleManager: Shutting down and abandoning module TVOSTargetPlatform (103)
[2018.08.02-01.26.36:941][137]LogModuleManager: Shutting down and abandoning module Messaging (101)
[2018.08.02-01.26.36:941][137]LogModuleManager: Shutting down and abandoning module IOSTargetPlatform (99)
[2018.08.02-01.26.36:941][137]LogModuleManager: Shutting down and abandoning module HTML5TargetPlatform (97)
[2018.08.02-01.26.36:942][137]LogModuleManager: Shutting down and abandoning module Android_PVRTCTargetPlatform (95)
[2018.08.02-01.26.36:942][137]LogModuleManager: Shutting down and abandoning module Android_MultiTargetPlatform (93)
[2018.08.02-01.26.36:942][137]LogModuleManager: Shutting down and abandoning module Android_ETC2TargetPlatform (91)
[2018.08.02-01.26.36:942][137]LogModuleManager: Shutting down and abandoning module Android_ETC1TargetPlatform (89)
[2018.08.02-01.26.36:942][137]LogModuleManager: Shutting down and abandoning module Android_DXTTargetPlatform (87)
[2018.08.02-01.26.36:942][137]LogModuleManager: Shutting down and abandoning module Android_ATCTargetPlatform (85)
[2018.08.02-01.26.36:942][137]LogModuleManager: Shutting down and abandoning module Android_ASTCTargetPlatform (83)
[2018.08.02-01.26.36:942][137]LogModuleManager: Shutting down and abandoning module AndroidTargetPlatform (81)
[2018.08.02-01.26.36:942][137]LogModuleManager: Shutting down and abandoning module WindowsTargetPlatform (79)
[2018.08.02-01.26.36:942][137]LogModuleManager: Shutting down and abandoning module WindowsServerTargetPlatform (77)
[2018.08.02-01.26.36:942][137]LogModuleManager: Shutting down and abandoning module WindowsNoEditorTargetPlatform (75)
[2018.08.02-01.26.36:942][137]LogModuleManager: Shutting down and abandoning module WindowsClientTargetPlatform (73)
[2018.08.02-01.26.36:942][137]LogModuleManager: Shutting down and abandoning module MacTargetPlatform (71)
[2018.08.02-01.26.36:942][137]LogModuleManager: Shutting down and abandoning module MacServerTargetPlatform (69)
[2018.08.02-01.26.36:942][137]LogModuleManager: Shutting down and abandoning module MacNoEditorTargetPlatform (67)
[2018.08.02-01.26.36:942][137]LogModuleManager: Shutting down and abandoning module MacClientTargetPlatform (65)
[2018.08.02-01.26.36:942][137]LogModuleManager: Shutting down and abandoning module AllDesktopTargetPlatform (63)
[2018.08.02-01.26.36:942][137]LogModuleManager: Shutting down and abandoning module InputCore (60)
[2018.08.02-01.26.36:942][137]LogModuleManager: Shutting down and abandoning module Settings (58)
[2018.08.02-01.26.36:942][137]LogModuleManager: Shutting down and abandoning module PhysXCooking (56)
[2018.08.02-01.26.36:942][137]LogModuleManager: Shutting down and abandoning module SteamVR (54)
[2018.08.02-01.26.36:942][137]LogModuleManager: Shutting down and abandoning module OculusHMD (52)
[2018.08.02-01.26.36:942][137]LogModuleManager: Shutting down and abandoning module ExampleDeviceProfileSelector (50)
[2018.08.02-01.26.36:942][137]LogModuleManager: Shutting down and abandoning module OnlineBlueprintSupport (48)
[2018.08.02-01.26.36:942][137]LogModuleManager: Shutting down and abandoning module OnlineSubsystem (44)
[2018.08.02-01.26.36:942][137]LogOnline: Display: Unloading online subsystem: NULL
[2018.08.02-01.26.36:942][137]LogModuleManager: Shutting down and abandoning module XMPP (43)
[2018.08.02-01.26.36:943][137]LogModuleManager: Shutting down and abandoning module HTTP (41)
[2018.08.02-01.26.36:943][137]LogHttp: Display: Http module shutting down, but needs to wait on 1 outstanding Http requests:
[2018.08.02-01.26.36:943][137]LogHttp: Display: 	verb=[POST] url=[https://datarouter.ol.epicgames.com/datarouter/api/v1/public/data?SessionID=%7B6963395C-4742-734E-B59C-BB9CB9ABECEE%7D&AppID=UEEditor.Rocket.Release&AppVersion=4.17.2-3658906%2B%2B%2BUE4%2BRelease-4.17&UserID=45ca8e4f43e7792f09038bbd91a727a0%7C574dbbd30f5947b08d2b13e08eec1110%7Cb4f28f70-6a0b-4b7a-904b-95b4b9bdd2c8&AppEnvironment=datacollector-binary&UploadType=eteventstream] status=Processing
[2018.08.02-01.26.36:964][137]LogModuleManager: Shutting down and abandoning module SSL (40)
[2018.08.02-01.26.36:966][137]LogModuleManager: Shutting down and abandoning module AnimationModifiers (36)
[2018.08.02-01.26.36:966][137]LogModuleManager: Shutting down and abandoning module PropertyEditor (35)
[2018.08.02-01.26.36:966][137]LogModuleManager: Shutting down and abandoning module AudioEditor (32)
[2018.08.02-01.26.36:967][137]LogModuleManager: Shutting down and abandoning module TextureCompressor (30)
[2018.08.02-01.26.36:967][137]LogModuleManager: Shutting down and abandoning module ShaderCore (28)
[2018.08.02-01.26.36:967][137]LogModuleManager: Shutting down and abandoning module Landscape (26)
[2018.08.02-01.26.36:967][137]LogModuleManager: Shutting down and abandoning module SlateRHIRenderer (24)
[2018.08.02-01.26.36:968][137]LogModuleManager: Shutting down and abandoning module OpenGLDrv (22)
[2018.08.02-01.26.36:968][137]LogModuleManager: Shutting down and abandoning module D3D11RHI (20)
[2018.08.02-01.26.36:968][137]LogModuleManager: Shutting down and abandoning module AnimGraphRuntime (18)
[2018.08.02-01.26.36:968][137]LogModuleManager: Shutting down and abandoning module Renderer (16)
[2018.08.02-01.26.36:968][137]LogModuleManager: Shutting down and abandoning module Engine (14)
[2018.08.02-01.26.36:968][137]LogModuleManager: Shutting down and abandoning module CoreUObject (12)
[2018.08.02-01.26.36:968][137]LogModuleManager: Shutting down and abandoning module NetworkFile (10)
[2018.08.02-01.26.36:968][137]LogModuleManager: Shutting down and abandoning module CookedIterativeFile (8)
[2018.08.02-01.26.36:968][137]LogModuleManager: Shutting down and abandoning module StreamingFile (6)
[2018.08.02-01.26.36:969][137]LogModuleManager: Shutting down and abandoning module SandboxFile (4)
[2018.08.02-01.26.36:969][137]LogModuleManager: Shutting down and abandoning module PakFile (2)
[2018.08.02-01.26.36:975][137]LogExit: Exiting.
[2018.08.02-01.26.37:003][137]Log file closed, 08/01/18 22:26:37
