Log file open, 09/28/18 21:38:44
LogWindows: Failed to load 'aqProf.dll' (GetLastError=126)
LogWindows: File 'aqProf.dll' does not exist
LogWindows: Failed to load 'VtuneApi.dll' (GetLastError=126)
LogWindows: File 'VtuneApi.dll' does not exist
LogWindows: Failed to load 'VtuneApi32e.dll' (GetLastError=126)
LogWindows: File 'VtuneApi32e.dll' does not exist
LogInit: Display: Running engine for game: TEXTURAS
LogPlatformFile: Not using cached read wrapper
LogInit: Display: RandInit(-844253879) SRandInit(-844253879).
LogTaskGraph: Started task graph with 5 named threads and 14 total threads with 3 sets of task threads.
LogStats: Stats thread started at 0.156059
LogD3D11RHI: Aftermath initialized
LogPluginManager: Mounting plugin Paper2D
LogPluginManager: Mounting plugin LightPropagationVolume
LogPluginManager: Mounting plugin CodeLiteSourceCodeAccess
LogPluginManager: Mounting plugin GitSourceControl
LogPluginManager: Mounting plugin KDevelopSourceCodeAccess
LogPluginManager: Mounting plugin NullSourceCodeAccess
LogPluginManager: Mounting plugin PerforceSourceControl
LogPluginManager: Mounting plugin SubversionSourceControl
LogPluginManager: Mounting plugin UObjectPlugin
LogPluginManager: Mounting plugin VisualStudioSourceCodeAccess
LogPluginManager: Mounting plugin XCodeSourceCodeAccess
LogPluginManager: Mounting plugin AssetManagerEditor
LogPluginManager: Mounting plugin AudioCapture
LogPluginManager: Mounting plugin FacialAnimation
LogPluginManager: Mounting plugin GameplayTagsEditor
LogPluginManager: Mounting plugin MobileLauncherProfileWizard
LogPluginManager: Mounting plugin PluginBrowser
LogPluginManager: Mounting plugin SpeedTreeImporter
LogPluginManager: Mounting plugin AlembicImporter
LogPluginManager: Mounting plugin CharacterAI
LogPluginManager: Mounting plugin HTML5Networking
LogPluginManager: Mounting plugin AndroidMedia
LogPluginManager: Mounting plugin AvfMedia
LogPluginManager: Mounting plugin MediaPlayerEditor
LogPluginManager: Mounting plugin WmfMedia
LogPluginManager: Mounting plugin TcpMessaging
LogPluginManager: Mounting plugin UdpMessaging
LogPluginManager: Mounting plugin LevelSequenceEditor
LogPluginManager: Mounting plugin MatineeToLevelSequence
LogPluginManager: Mounting plugin OnlineSubsystemGooglePlay
LogPluginManager: Mounting plugin OnlineSubsystemIOS
LogPluginManager: Mounting plugin OnlineSubsystem
LogPluginManager: Mounting plugin OnlineSubsystemNull
LogPluginManager: Mounting plugin OnlineSubsystemUtils
LogPluginManager: Mounting plugin AndroidDeviceProfileSelector
LogPluginManager: Mounting plugin AndroidMoviePlayer
LogPluginManager: Mounting plugin AndroidPermission
LogPluginManager: Mounting plugin AppleMoviePlayer
LogPluginManager: Mounting plugin ArchVisCharacter
LogPluginManager: Mounting plugin CableComponent
LogPluginManager: Mounting plugin CustomMeshComponent
LogPluginManager: Mounting plugin ExampleDeviceProfileSelector
LogPluginManager: Mounting plugin GoogleCloudMessaging
LogPluginManager: Mounting plugin ImmediatePhysics
LogPluginManager: Mounting plugin IOSDeviceProfileSelector
LogPluginManager: Mounting plugin LinuxDeviceProfileSelector
LogPluginManager: Mounting plugin LocationServicesBPLibrary
LogPluginManager: Mounting plugin MobilePatchingUtils
LogPluginManager: Mounting plugin OculusVR
LogPluginManager: Mounting plugin PhysXVehicles
LogPluginManager: Mounting plugin ProceduralMeshComponent
LogPluginManager: Mounting plugin RuntimePhysXCooking
LogPluginManager: Mounting plugin SteamVR
LogPluginManager: Mounting plugin WindowsMoviePlayer
LogInit: Using libcurl 7.47.1
LogInit:  - built for x86_64-pc-win32
LogInit:  - supports SSL with OpenSSL/1.0.2g
LogInit:  - supports HTTP deflate (compression) using libz 1.2.8
LogInit:  - other features:
LogInit:      CURL_VERSION_SSL
LogInit:      CURL_VERSION_LIBZ
LogInit:      CURL_VERSION_IPV6
LogInit:      CURL_VERSION_ASYNCHDNS
LogInit:      CURL_VERSION_LARGEFILE
LogInit:      CURL_VERSION_IDN
LogInit:  CurlRequestOptions (configurable via config and command line):
LogInit:  - bVerifyPeer = false  - Libcurl will NOT verify peer certificate
LogInit:  - bUseHttpProxy = false  - Libcurl will NOT use HTTP proxy
LogInit:  - bDontReuseConnections = false  - Libcurl will reuse connections
LogInit:  - CertBundlePath = nullptr  - Libcurl will use whatever was configured at build time.
LogInit: Build: ++UE4+Release-4.17-CL-3658906
LogInit: Engine Version: 4.17.2-3658906+++UE4+Release-4.17
LogInit: Compatible Engine Version: 4.17.0-3573198+++UE4+Release-4.17
LogInit: Net CL: 3573198
LogDevObjectVersion: Number of dev versions registered: 16
LogDevObjectVersion:   Dev-Blueprints (B0D832E4-1F89-4F0D-ACCF-7EB736FD4AA2): 10
LogDevObjectVersion:   Dev-Build (E1C64328-A22C-4D53-A36C-8E866417BD8C): 0
LogDevObjectVersion:   Dev-Core (375EC13C-06E4-48FB-B500-84F0262A717E): 2
LogDevObjectVersion:   Dev-Editor (E4B068ED-F494-42E9-A231-DA0B2E46BB41): 20
LogDevObjectVersion:   Dev-Framework (CFFC743F-43B0-4480-9391-14DF171D2073): 28
LogDevObjectVersion:   Dev-Mobile (B02B49B5-BB20-44E9-A304-32B752E40360): 0
LogDevObjectVersion:   Dev-Networking (A4E4105C-59A1-49B5-A7C5-40C4547EDFEE): 0
LogDevObjectVersion:   Dev-Online (39C831C9-5AE6-47DC-9A44-9C173E1C8E7C): 0
LogDevObjectVersion:   Dev-Physics (78F01B33-EBEA-4F98-B9B4-84EACCB95AA2): 0
LogDevObjectVersion:   Dev-Platform (6631380F-2D4D-43E0-8009-CF276956A95A): 0
LogDevObjectVersion:   Dev-Rendering (12F88B9F-8875-4AFC-A67C-D90C383ABD29): 19
LogDevObjectVersion:   Dev-Sequencer (7B5AE74C-D270-4C10-A958-57980B212A5A): 4
LogDevObjectVersion:   Dev-VR (D7296918-1DD6-4BDD-9DE2-64A83CC13884): 0
LogDevObjectVersion:   Dev-LoadTimes (C2A15278-BFE7-4AFE-6C17-90FF531DF755): 1
LogDevObjectVersion:   Private-Geometry (6EACA3D4-40EC-4CC1-B786-8BED09428FC5): 1
LogDevObjectVersion:   Dev-AnimPhys (29E575DD-E0A3-4627-9D10-D276232CDCEA): 7
LogInit: Compiled (64-bit): Sep 22 2017 13:47:16
LogInit: Compiled with Visual C++: 19.00.24215.01
LogInit: Build Configuration: Development
LogInit: Branch Name: ++UE4+Release-4.17
LogInit: Command line: 
LogInit: Base directory: D:/Program Files/Epic Games/UE_4.17/Engine/Binaries/Win64/
LogInit: Installed Engine Build: 1
LogInit: Presizing for max 8388607 objects, including 0 objects not considered by GC, pre-allocating 0 bytes for permanent pool.
LogInit: Object subsystem initialized
[2018.09.29-00.38.44:703][  0]LogInit: Selected Device Profile: [Windows]
[2018.09.29-00.38.44:703][  0]LogInit: Applying CVar settings loaded from the selected device profile: [Windows]
[2018.09.29-00.38.44:724][  0]LogInit: Computer: ROGERIO
[2018.09.29-00.38.44:724][  0]LogInit: User: rogeriofreitas
[2018.09.29-00.38.44:724][  0]LogInit: CPU Page size=4096, Cores=4
[2018.09.29-00.38.44:724][  0]LogInit: High frequency timer resolution =3.515622 MHz
[2018.09.29-00.38.44:724][  0]LogMemory: Memory total: Physical=16.0GB (16GB approx)
[2018.09.29-00.38.44:724][  0]LogMemory: Platform Memory Stats for Windows
[2018.09.29-00.38.44:724][  0]LogMemory: Process Physical Memory: 276.36 MB used, 276.36 MB peak
[2018.09.29-00.38.44:724][  0]LogMemory: Process Virtual Memory: 274.14 MB used, 274.14 MB peak
[2018.09.29-00.38.44:724][  0]LogMemory: Physical Memory: 4994.88 MB used,  11340.86 MB free, 16335.73 MB total
[2018.09.29-00.38.44:724][  0]LogMemory: Virtual Memory: 649.86 MB used,  11340.86 MB free, 134217728.00 MB total
[2018.09.29-00.38.44:805][  0]LogInit: Overriding language with editor language configuration option (en).
[2018.09.29-00.38.44:805][  0]LogInit: Overriding locale with editor locale configuration option (en).
[2018.09.29-00.38.45:345][  0]LogD3D11RHI: D3D11 adapters:
[2018.09.29-00.38.45:369][  0]LogD3D11RHI:    0. 'NVIDIA GeForce GTX 970' (Feature Level 11_0)
[2018.09.29-00.38.45:369][  0]LogD3D11RHI:       3975/0/8167 MB DedicatedVideo/DedicatedSystem/SharedSystem, Outputs:1, VendorId:0x10de
[2018.09.29-00.38.45:370][  0]LogD3D11RHI:    1. 'Microsoft Basic Render Driver' (Feature Level 11_0)
[2018.09.29-00.38.45:370][  0]LogD3D11RHI:       0/0/256 MB DedicatedVideo/DedicatedSystem/SharedSystem, Outputs:0, VendorId:0x1414
[2018.09.29-00.38.45:370][  0]LogD3D11RHI: Chosen D3D11 Adapter: 0
[2018.09.29-00.38.45:373][  0]LogD3D11RHI: Creating new Direct3DDevice
[2018.09.29-00.38.45:373][  0]LogD3D11RHI:     GPU DeviceId: 0x13c2 (for the marketing name, search the web for "GPU Device Id")
[2018.09.29-00.38.45:373][  0]LogWindows: EnumDisplayDevices:
[2018.09.29-00.38.45:374][  0]LogWindows:    0. 'NVIDIA GeForce GTX 970' (P:1 D:1)
[2018.09.29-00.38.45:374][  0]LogWindows:    1. 'NVIDIA GeForce GTX 970' (P:0 D:0)
[2018.09.29-00.38.45:374][  0]LogWindows:    2. 'NVIDIA GeForce GTX 970' (P:0 D:0)
[2018.09.29-00.38.45:374][  0]LogWindows:    3. 'NVIDIA GeForce GTX 970' (P:0 D:0)
[2018.09.29-00.38.45:374][  0]LogWindows: DebugString: FoundDriverCount:4 
[2018.09.29-00.38.45:374][  0]LogD3D11RHI:     Adapter Name: NVIDIA GeForce GTX 970
[2018.09.29-00.38.45:374][  0]LogD3D11RHI:   Driver Version: 388.13 (internal:23.21.13.8813, unified:388.13)
[2018.09.29-00.38.45:374][  0]LogD3D11RHI:      Driver Date: 10-27-2017
[2018.09.29-00.38.45:374][  0]LogRHI: Texture pool is 1361 MB (70% of 1945 MB)
[2018.09.29-00.38.45:385][  0]LogD3D11RHI: Async texture creation enabled
[2018.09.29-00.38.45:407][  0]LogD3D11RHI: GPU Timing Frequency: 1000.000000 (Debug: 2 2)
[2018.09.29-00.38.45:456][  0]LogShaderCompilers: Guid format shader working directory is -18 characters bigger than the processId version (../../../../../../Users/rogerio freitas/Documents/Unreal Projects/TEXTURAS/Intermediate/Shaders/WorkingDirectory/9056/).
[2018.09.29-00.38.45:456][  0]LogShaderCompilers: Cleaned the shader compiler working directory 'C:/Users/rogerio freitas/AppData/Local/Temp/UnrealShaderWorkingDir/B2C0EA4F47F752BF7355D8B72F8EA0C5/'.
[2018.09.29-00.38.45:456][  0]LogShaderCompilers: Display: Using Local Shader Compiler.
[2018.09.29-00.38.46:158][  0]LogTemp: Display: Loaded TP AllDesktopTargetPlatform
[2018.09.29-00.38.46:188][  0]LogTemp: Display: Loaded TP MacClientTargetPlatform
[2018.09.29-00.38.46:218][  0]LogTemp: Display: Loaded TP MacNoEditorTargetPlatform
[2018.09.29-00.38.46:247][  0]LogTemp: Display: Loaded TP MacServerTargetPlatform
[2018.09.29-00.38.46:276][  0]LogTemp: Display: Loaded TP MacTargetPlatform
[2018.09.29-00.38.46:305][  0]LogTemp: Display: Loaded TP WindowsClientTargetPlatform
[2018.09.29-00.38.46:333][  0]LogTemp: Display: Loaded TP WindowsNoEditorTargetPlatform
[2018.09.29-00.38.46:362][  0]LogTemp: Display: Loaded TP WindowsServerTargetPlatform
[2018.09.29-00.38.46:384][  0]LogTemp: Display: Loaded TP WindowsTargetPlatform
[2018.09.29-00.38.46:413][  0]LogTemp: Display: Loaded TP AndroidTargetPlatform
[2018.09.29-00.38.46:441][  0]LogTemp: Display: Loaded TP Android_ASTCTargetPlatform
[2018.09.29-00.38.46:469][  0]LogTemp: Display: Loaded TP Android_ATCTargetPlatform
[2018.09.29-00.38.46:500][  0]LogTemp: Display: Loaded TP Android_DXTTargetPlatform
[2018.09.29-00.38.46:533][  0]LogTemp: Display: Loaded TP Android_ETC1TargetPlatform
[2018.09.29-00.38.46:561][  0]LogTemp: Display: Loaded TP Android_ETC2TargetPlatform
[2018.09.29-00.38.46:618][  0]LogTemp: Display: Loaded TP Android_MultiTargetPlatform
[2018.09.29-00.38.46:618][  0]LogTemp: Display: Loaded TP Android_PVRTCTargetPlatform
[2018.09.29-00.38.46:637][  0]LogTemp: Display: Loaded TP HTML5TargetPlatform
[2018.09.29-00.38.46:696][  0]LogTemp: Display: Loaded TP IOSTargetPlatform
[2018.09.29-00.38.46:732][  0]LogTemp: Display: Loaded TP TVOSTargetPlatform
[2018.09.29-00.38.46:770][  0]LogTemp: Display: Loaded TP LinuxClientTargetPlatform
[2018.09.29-00.38.46:799][  0]LogTemp: Display: Loaded TP LinuxNoEditorTargetPlatform
[2018.09.29-00.38.46:828][  0]LogTemp: Display: Loaded TP LinuxServerTargetPlatform
[2018.09.29-00.38.46:856][  0]LogTemp: Display: Loaded TP LinuxTargetPlatform
[2018.09.29-00.38.46:856][  0]LogTargetPlatformManager: Display: Building Assets For Windows
[2018.09.29-00.38.47:100][  0]LogDerivedDataCache: Display: Max Cache Size: 512 MB
[2018.09.29-00.38.47:188][  0]LogDerivedDataCache: Loaded boot cache 0.09s 93MB C:/Users/rogerio freitas/AppData/Local/UnrealEngine/4.17/DerivedDataCache/Boot.ddc.
[2018.09.29-00.38.47:188][  0]LogDerivedDataCache: Display: Loaded Boot cache: C:/Users/rogerio freitas/AppData/Local/UnrealEngine/4.17/DerivedDataCache/Boot.ddc
[2018.09.29-00.38.47:188][  0]LogDerivedDataCache: FDerivedDataBackendGraph:  Pak pak cache file ../../../../../../Users/rogerio freitas/Documents/Unreal Projects/TEXTURAS/DerivedDataCache/DDC.ddp not found, will not use a pak cache.
[2018.09.29-00.38.47:188][  0]LogDerivedDataCache: Unable to find inner node Pak for hierarchical cache Hierarchy.
[2018.09.29-00.38.47:188][  0]LogDerivedDataCache: FDerivedDataBackendGraph:  CompressedPak pak cache file ../../../../../../Users/rogerio freitas/Documents/Unreal Projects/TEXTURAS/DerivedDataCache/Compressed.ddp not found, will not use a pak cache.
[2018.09.29-00.38.47:188][  0]LogDerivedDataCache: Unable to find inner node CompressedPak for hierarchical cache Hierarchy.
[2018.09.29-00.38.47:203][  0]LogDerivedDataCache: Display: Pak cache opened for reading ../../../Engine/DerivedDataCache/Compressed.ddp.
[2018.09.29-00.38.47:215][  0]LogDerivedDataCache: Using Local data cache path C:/Users/rogerio freitas/AppData/Local/UnrealEngine/Common/DerivedDataCache: Writable
[2018.09.29-00.38.47:224][  0]LogMaterial: Verifying Global Shaders for PCD3D_SM5
[2018.09.29-00.38.47:224][  0]LogSlate: Using Freetype 2.6.0
[2018.09.29-00.38.47:224][  0]LogSlate: SlateFontCache - WITH_FREETYPE: 1, WITH_HARFBUZZ: 1
[2018.09.29-00.38.47:224][  0]LogSlate: SlateFontCache - WITH_FREETYPE: 1, WITH_HARFBUZZ: 1
[2018.09.29-00.38.47:440][  0]LogAssetRegistry: FAssetRegistry took 0.0262 seconds to start up
[2018.09.29-00.38.47:526][  0]LogInit: Selected Device Profile: [Windows]
[2018.09.29-00.38.47:749][  0]LogSimplygon: Simplygon DLL not present - disabling.
[2018.09.29-00.38.47:769][  0]LogMeshReduction: Using SimplygonSwarm for distributed automatic mesh merging
[2018.09.29-00.38.47:769][  0]LogMeshReduction: Using QuadricMeshReduction for automatic static mesh reduction
[2018.09.29-00.38.47:769][  0]LogMeshReduction: No automatic skeletal mesh reduction module available
[2018.09.29-00.38.47:769][  0]LogMeshReduction: No automatic mesh merging module available
[2018.09.29-00.38.47:769][  0]LogMeshMerging: No automatic mesh merging module available
[2018.09.29-00.38.47:810][  0]LogContentStreaming: Texture pool size is 0.00 MB
[2018.09.29-00.38.49:011][  0]LogMeshUtilities: Finished distance field build in 0.8s - 8x8x8 distance field, 272 triangles, Range [-0.0, 0.6], RotationHandleIndicator
[2018.09.29-00.38.49:011][  0]LogMeshUtilities: Finished distance field build in 0.0s - 14x8x8 distance field, 4528 triangles, Range [-0.1, 0.6], MatineeCam_SM
[2018.09.29-00.38.49:011][  0]LogMeshUtilities: Finished distance field build in 0.0s - 8x8x8 distance field, 1672 triangles, Range [-0.1, 0.4], SM_RailRig_Mount
[2018.09.29-00.38.49:011][  0]LogMeshUtilities: Finished distance field build in 0.0s - 9x8x13 distance field, 200 triangles, Range [-0.3, 0.7], SM_CraneRig_Mount
[2018.09.29-00.38.49:011][  0]LogMeshUtilities: Finished distance field build in 0.0s - 8x8x8 distance field, 56 triangles, Range [-0.0, 0.3], BoundingBoxEdge
[2018.09.29-00.38.49:011][  0]LogMeshUtilities: Finished distance field build in 0.0s - 8x8x8 distance field, 172 triangles, Range [-0.0, 1.0], BoundingBoxCorner
[2018.09.29-00.38.49:011][  0]LogMeshUtilities: Finished distance field build in 0.0s - 8x8x8 distance field, 544 triangles, Range [-0.0, 0.6], StartRotationHandleIndicator
[2018.09.29-00.38.49:011][  0]LogMeshUtilities: Finished distance field build in 0.0s - 8x8x8 distance field, 172 triangles, Range [0.0, 0.4], TranslateArrowHandle
[2018.09.29-00.38.49:011][  0]LogNetVersion: TEXTURAS , NetCL: 3573198, EngineNetVer: 2, GameNetVer: 0 (Checksum: 2601616039)
[2018.09.29-00.38.49:187][  0]LogPackageLocalizationCache: Processed 5 localized package path(s) for 1 prioritized culture(s) in 0.022855 seconds
[2018.09.29-00.38.49:194][  0]LogUObjectArray: 35825 objects as part of root set at end of initial load.
[2018.09.29-00.38.49:194][  0]LogUObjectAllocator: 7529112 out of 0 bytes used by permanent object pool.
[2018.09.29-00.38.49:194][  0]LogUObjectArray: CloseDisregardForGC: 0/0 objects in disregard for GC pool
[2018.09.29-00.38.49:231][  0]LogInit: WinSock: version 1.1 (2.2), MaxSocks=32767, MaxUdp=65467
[2018.09.29-00.38.51:214][  0]LogMeshUtilities: Finished distance field build in 1.7s - 48x48x48 distance field, 528 triangles, Range [-0.6, 1.0], Sphere
[2018.09.29-00.38.51:434][  0]LogTcpMessaging: Initializing TcpMessaging bridge
[2018.09.29-00.38.51:459][  0]LogUdpMessaging: Initializing bridge on interface 0.0.0.0:0 to multicast group 230.0.0.1:6666.
[2018.09.29-00.38.52:012][  0]LogMaterial: Uniform references updated for custom material expression Custom.
[2018.09.29-00.38.52:240][  0]SourceControl: Source control is disabled
[2018.09.29-00.38.52:240][  0]SourceControl: Source control is disabled
[2018.09.29-00.38.52:263][  0]SourceControl: Source control is disabled
[2018.09.29-00.38.52:285][  0]SourceControl: Source control is disabled
[2018.09.29-00.38.52:567][  0]LogAndroidPermission: UAndroidPermissionCallbackProxy::GetInstance
[2018.09.29-00.38.52:683][  0]LogOcInput: OculusInput pre-init called
[2018.09.29-00.38.52:825][  0]LogEngine: Initializing Engine...
[2018.09.29-00.38.52:826][  0]LogHMD: Failed to initialize OpenVR with code 110
[2018.09.29-00.38.53:013][  0]LogStats: UGameplayTagsManager::ConstructGameplayTagTree: Construct from data asset -  0.000 s
[2018.09.29-00.38.53:013][  0]LogStats: UGameplayTagsManager::ConstructGameplayTagTree: GameplayTagTreeChangedEvent.Broadcast -  0.000 s
[2018.09.29-00.38.53:077][  0]LogAIModule: Creating AISystem for world Untitled
[2018.09.29-00.38.53:082][  0]LogInit: XAudio2 using 'SAMSUNG-4 (NVIDIA High Definition Audio)' : 2 channels at 48 kHz using 16 bits per sample (channel mask 0x3)
[2018.09.29-00.38.53:093][  0]LogInit: FAudioDevice initialized.
[2018.09.29-00.38.53:332][  0]LogDerivedDataCache: Saved boot cache 0.24s 94MB C:/Users/rogerio freitas/AppData/Local/UnrealEngine/4.17/DerivedDataCache/Boot.ddc.
[2018.09.29-00.38.53:355][  0]LogInit: Texture streaming: Enabled
[2018.09.29-00.38.53:426][  0]LogEngineSessionManager: EngineSessionManager initialized
[2018.09.29-00.38.53:547][  0]LogInit: Transaction tracking system initialized
[2018.09.29-00.38.53:694][  0]BlueprintLog: New page: Editor Load
[2018.09.29-00.38.54:118][  0]LocalizationService: Localization service is disabled
[2018.09.29-00.38.54:590][  0]LogConsoleResponse: Display: 
[2018.09.29-00.38.54:755][  0]LogCook: Display: Max memory allowance for cook 16384mb min free memory 0mb
[2018.09.29-00.38.54:755][  0]LogCook: Display: Mobile HDR setting 1
[2018.09.29-00.38.54:755][  0]LogGameplayTags: Display: UGameplayTagsManager::DoneAddingNativeTags. DelegateIsBound: 0
[2018.09.29-00.38.55:485][  0]LogFileCache: Scanning file cache for directory 'D:/Users/rogerio freitas/Documents/Unreal Projects/TEXTURAS/Content/' took 0.02s
[2018.09.29-00.38.55:485][  0]SourceControl: Source control is disabled
[2018.09.29-00.38.55:485][  0]Cmd: MAP LOAD FILE="../../../../../../Users/rogerio freitas/Documents/Unreal Projects/TEXTURAS/Content/ThirdPersonBP/Maps/ThirdPersonExampleMap.umap" TEMPLATE=0 SHOWPROGRESS=1 FEATURELEVEL=3
[2018.09.29-00.38.55:497][  0]LightingResults: New page: Lighting Build
[2018.09.29-00.38.55:524][  0]MapCheck: New page: Map Check
[2018.09.29-00.38.55:524][  0]LightingResults: New page: Lighting Build
[2018.09.29-00.38.55:752][  0]LogMeshUtilities: Finished distance field build in 0.5s - 30x30x30 distance field, 960 triangles, Range [-0.6, 1.0], Sphere
[2018.09.29-00.39.00:384][  0]LogTexture: Display: Building textures: ThumbnailTexture (DXT1, 512X512)
[2018.09.29-00.39.00:385][  0]LogPackageName: Warning: String asset reference "StaticMesh'FX_Meshes_IB.SM_Debris_Box_RadialFull'" is in short form, which is unsupported and -- even if valid -- resolving it will be really slow.
[2018.09.29-00.39.00:392][  0]LogPackageName: Warning: Please consider resaving package in order to speed-up loading.
[2018.09.29-00.39.00:461][  0]LogTexture: Display: Building textures: T_Rocks_Fire_3_3 (AutoDXT, 1024X1024)
[2018.09.29-00.39.00:461][  0]LogPackageName: SearchForPackageOnDisk took   0.069s, but failed to resolve StaticMesh'FX_Meshes_IB.
[2018.09.29-00.39.00:461][  0]LogPackageName: Warning: String asset reference "StaticMesh'FX_Meshes_IB.SM_Debris_Box_RadialFull'" could not be resolved.
[2018.09.29-00.39.00:526][  0]LogTexture: Display: Building textures: T_CombatArea_Edge (AutoDXT, 256X256)
[2018.09.29-00.39.00:526][  0]LogTexture: Display: Building textures: T_Sparks_04_SubUV_1_4 (AutoDXT, 512X512)
[2018.09.29-00.39.00:526][  0]LogTexture: Display: Building textures: ThumbnailTexture (DXT1, 512X512)
[2018.09.29-00.39.00:526][  0]LogPackageName: Warning: String asset reference "FX_Meshes.UI.SM_SelectionMesh_01" is in short form, which is unsupported and -- even if valid -- resolving it will be really slow.
[2018.09.29-00.39.00:526][  0]LogPackageName: Warning: Please consider resaving package in order to speed-up loading.
[2018.09.29-00.39.00:608][  0]LogTexture: Display: Building textures: ThumbnailTexture (DXT1, 512X512)
[2018.09.29-00.39.00:608][  0]LogTexture: Display: Building textures: T_Tile_Noise_Tendril_01 (AutoDXT, 1024X1024)
[2018.09.29-00.39.00:608][  0]LogPackageName: SearchForPackageOnDisk took   0.082s, but failed to resolve FX_Meshes.
[2018.09.29-00.39.00:608][  0]LogPackageName: Warning: String asset reference "FX_Meshes.UI.SM_SelectionMesh_01" could not be resolved.
[2018.09.29-00.39.00:750][  0]LogTexture: Display: Building textures: T_cracksFirey_01 (AutoDXT, 1024X1024)
[2018.09.29-00.39.00:750][  0]LogTexture: Display: Building textures: T_IB_Debris_Box (AutoDXT, 1024X1024)
[2018.09.29-00.39.00:750][  0]LogStaticMesh: Building static mesh SM_FireSkill_AOE_Inner...
[2018.09.29-00.39.00:769][  0]LogTexture: Display: Building textures: ThumbnailTexture (DXT1, 512X512)
[2018.09.29-00.39.00:769][  0]LogStaticMesh: Built static mesh [0.02s] /Game/InfinityBladeEffects/Effects/FX_Meshes/Skills/rock/SM_FireSkill_AOE_Inner.SM_FireSkill_AOE_Inner
[2018.09.29-00.39.01:908][  0]LogTexture: Display: Building textures: T_Lightning_Arc_4x1 (AutoDXT, 1024X1024)
[2018.09.29-00.39.01:908][  0]LogTexture: Display: Building textures: ThumbnailTexture (DXT1, 512X512)
[2018.09.29-00.39.01:908][  0]LogTexture: Display: Building textures: ThumbnailTexture (DXT1, 512X512)
[2018.09.29-00.39.01:908][  0]LogTexture: Display: Building textures: T_BlastWave (AutoDXT, 1024X1024)
[2018.09.29-00.39.01:908][  0]LogTexture: Display: Building textures: T_Flare_Streaks_02 (AutoDXT, 512X512)
[2018.09.29-00.39.01:908][  0]LogTexture: Display: Building textures: ThumbnailTexture (DXT1, 512X512)
[2018.09.29-00.39.01:978][  0]LogMaterial: Missing cached shader map for material M_Trans_Sprite_SubUV_Master, compiling. 
[2018.09.29-00.39.02:956][  0]LogTexture: Display: Building textures: ThumbnailTexture (DXT1, 512X512)
[2018.09.29-00.39.02:956][  0]LogTexture: Display: Building textures: T_SwipeTrail (AutoDXT, 512X512)
[2018.09.29-00.39.02:956][  0]LogTexture: Display: Building textures: ThumbnailTexture (DXT1, 512X512)
[2018.09.29-00.39.02:956][  0]LogTexture: Display: Building textures: T_FireTrail (AutoDXT, 1024X1024)
[2018.09.29-00.39.02:956][  0]LogTexture: Display: Building textures: T_SmokeBall_01_8_8 (AutoDXT, 1024X1024)
[2018.09.29-00.39.02:956][  0]LogTexture: Display: Building textures: T_bloodTest_4X6 (AutoDXT, 1024X1024)
[2018.09.29-00.39.02:956][  0]LogTexture: Display: Building textures: T_JaggedRock_01_D (AutoDXT, 2048X2048)
[2018.09.29-00.39.02:956][  0]LogTexture: Display: Building textures: T_Black_32 (AutoDXT, 32X32)
[2018.09.29-00.39.03:327][  0]LogTexture: Display: Building textures: T_Rocks_3_3 (AutoDXT, 1024X1024)
[2018.09.29-00.39.03:327][  0]LogTexture: Display: Building textures: T_JaggedRock_D_02 (AutoDXT, 2048X2048)
[2018.09.29-00.39.03:327][  0]LogTexture: Display: Building textures: T_cracks_03 (AutoDXT, 1024X1024)
[2018.09.29-00.39.03:327][  0]LogTexture: Display: Building textures: T_cracks_01_N (BC5, 1024X1024)
[2018.09.29-00.39.04:508][  0]LogStaticMesh: Building static mesh SM_SwipeTrail...
[2018.09.29-00.39.04:510][  0]LogTexture: Display: Building textures: T_Fire_Lava_2 (AutoDXT, 1024X1024)
[2018.09.29-00.39.04:510][  0]LogStaticMesh: Built static mesh [0.00s] /Game/InfinityBladeEffects/Effects/FX_Meshes/Skills/SM_SwipeTrail.SM_SwipeTrail
[2018.09.29-00.39.04:702][  0]LogTexture: Display: Building textures: T_JaggedRockFirey_01_N (BC5, 1024X1024)
[2018.09.29-00.39.04:702][  0]LogTexture: Display: Building textures: T_Vertical_Glow (AutoDXT, 1024X1024)
[2018.09.29-00.39.06:504][  0]LogTexture: Display: Building textures: T_JaggedRockFirey_01_D (AutoDXT, 1024X1024)
[2018.09.29-00.39.06:504][  0]LogTexture: Display: Building textures: ThumbnailTexture (DXT1, 512X512)
[2018.09.29-00.39.06:504][  0]LogTexture: Display: Building textures: T_ChargeTrail_02 (AutoDXT, 512X512)
[2018.09.29-00.39.06:504][  0]LogTexture: Display: Building textures: T_smokeSingle_01 (AutoDXT, 1024X1024)
[2018.09.29-00.39.06:504][  0]LogTexture: Display: Building textures: T_Vertical_Glow_Tiled (AutoDXT, 1024X1024)
[2018.09.29-00.39.06:504][  0]LogTexture: Display: Building textures: ThumbnailTexture (DXT1, 512X512)
[2018.09.29-00.39.06:504][  0]LogTexture: Display: Building textures: T_GlowNoise_Circular_02 (AutoDXT, 256X256)
[2018.09.29-00.39.06:551][  0]LogTexture: Display: Building textures: T_IB_Debris_Box_E (AutoDXT, 1024X1024)
[2018.09.29-00.39.06:551][  0]LogTexture: Display: Building textures: T_starFlare_03 (AutoDXT, 256X256)
[2018.09.29-00.39.06:594][  0]LogStaticMesh: Building static mesh SM_AuraCircle...
[2018.09.29-00.39.06:596][  0]LogStaticMesh: Built static mesh [0.00s] /Game/InfinityBladeEffects/Effects/FX_Meshes/Skills/SM_AuraCircle.SM_AuraCircle
[2018.09.29-00.39.06:753][  0]LogMaterial: Missing cached shader map for material M_Add_Mesh_2Sided_Pan_Emis_Master, compiling. 
[2018.09.29-00.39.09:288][  0]LogTexture: Display: Building textures: T_IceCliff_N (BC5, 2048X2048)
[2018.09.29-00.39.09:288][  0]LogTexture: Display: Building textures: T_IceCliff_D (AutoDXT, 2048X2048)
[2018.09.29-00.39.09:288][  0]LogTexture: Display: Building textures: T_JaggedRockSnowy_01_N (BC5, 1024X1024)
[2018.09.29-00.39.09:288][  0]LogTexture: Display: Building textures: T_JaggedRockSnowy_01_D (AutoDXT, 1024X1024)
[2018.09.29-00.39.09:288][  0]LogTexture: Display: Building textures: T_IceShards_E (AutoDXT, 256X256)
[2018.09.29-00.39.09:288][  0]LogTexture: Display: Building textures: T_FrozenGround_N (BC5, 512X512)
[2018.09.29-00.39.09:288][  0]LogTexture: Display: Building textures: T_Fire_subUV_6X6 (AutoDXT, 1024X1024)
[2018.09.29-00.39.09:317][  0]LogStaticMesh: Building static mesh SM_Debris_Box_RadialHalf...
[2018.09.29-00.39.09:348][  0]LogStaticMesh: Built static mesh [0.06s] /Game/InfinityBladeEffects/Effects/FX_Meshes/IB/SM_Debris_Box_RadialHalf.SM_Debris_Box_RadialHalf
[2018.09.29-00.39.12:038][  0]LogTexture: Display: Building textures: T_Smoke_subUV_01 (AutoDXT, 1024X1024)
[2018.09.29-00.39.12:039][  0]LogTexture: Display: Building textures: T_Lightning_Radial_4X4 (AutoDXT, 1024X1024)
[2018.09.29-00.39.12:039][  0]LogTexture: Display: Building textures: T_Ice_Mesh02b (AutoDXT, 1024X1024)
[2018.09.29-00.39.12:039][  0]LogTexture: Display: Building textures: T_Fireball_02_SubUV_4_4 (AutoDXT, 512X512)
[2018.09.29-00.39.12:039][  0]LogTexture: Display: Building textures: ThumbnailTexture (DXT1, 512X512)
[2018.09.29-00.39.12:039][  0]LogTexture: Display: Building textures: ThumbnailTexture (DXT1, 512X512)
[2018.09.29-00.39.12:039][  0]LogTexture: Display: Building textures: T_Noise_beam_01 (AutoDXT, 1024X1024)
[2018.09.29-00.39.12:039][  0]LogTexture: Display: Building textures: ThumbnailTexture (DXT1, 512X512)
[2018.09.29-00.39.12:039][  0]LogTexture: Display: Building textures: T_LightCone (AutoDXT, 256X256)
[2018.09.29-00.39.12:039][  0]LogMeshUtilities: Finished distance field build in 2.2s - 49x50x30 distance field, 1512 triangles, Range [-0.0, 1.0], SM_Debris_Box_RadialHalf
[2018.09.29-00.39.12:039][  0]LogTexture: Display: Building textures: T_CombatArea_Arc (AutoDXT, 256X256)
[2018.09.29-00.39.12:353][  0]LogTexture: Display: Building textures: T_Lightning_Bolt_01 (AutoDXT, 1024X1024)
[2018.09.29-00.39.12:353][  0]LogTexture: Display: Building textures: FX_Glow_12alpha (AutoDXT, 512X512)
[2018.09.29-00.39.12:353][  0]LogStaticMesh: Building static mesh SM_DmgField_Rock_02...
[2018.09.29-00.39.12:385][  0]LogStaticMesh: Built static mesh [0.03s] /Game/InfinityBladeEffects/Effects/FX_Meshes/Skills/rock/SM_DmgField_Rock_02.SM_DmgField_Rock_02
[2018.09.29-00.39.12:934][  0]LogTexture: Display: Building textures: ThumbnailTexture (DXT1, 512X512)
[2018.09.29-00.39.12:934][  0]LogMaterial: Missing cached shader map for material M_Trans_Sprite_Master, compiling. 
[2018.09.29-00.39.13:093][  0]LogTexture: Display: Building textures: T_TouchIndicator_01 (AutoDXT, 1024X1024)
[2018.09.29-00.39.13:093][  0]LogTexture: Display: Building textures: T_FireBlastTile (AutoDXT, 256X256)
[2018.09.29-00.39.13:170][  0]LogTexture: Display: Building textures: T_cracksIcey_01 (AutoDXT, 1024X1024)
[2018.09.29-00.39.13:170][  0]LogStaticMesh: Building static mesh M_Gate_Ice_Locked_01...
[2018.09.29-00.39.13:174][  0]LogStaticMesh: Built static mesh [0.00s] /Game/InfinityBladeEffects/Effects/FX_Meshes/ICE/M_Gate_Ice_Locked_01.M_Gate_Ice_Locked_01
[2018.09.29-00.39.17:323][  0]LogTexture: Display: Building textures: 7d31308cf513eb9425e8edefb515ab56 (AutoDXT, 1024X1024)
[2018.09.29-00.39.17:323][  0]LogTexture: Display: Building textures: b6f797a70b411b2d6c4481dac17a323a (AutoDXT, 512X512)
[2018.09.29-00.39.17:323][  0]LogTexture: Display: Building textures: brick_02 (AutoDXT, 512X512)
[2018.09.29-00.39.17:323][  0]LogMeshUtilities: Finished distance field build in 0.6s - 54x11x64 distance field, 256 triangles, Range [-0.0, 1.0], M_Gate_Ice_Locked_01
[2018.09.29-00.39.17:323][  0]LogTexture: Display: Building textures: brick_wip2_by_julionicoletti-d4z38b1 (AutoDXT, 2048X2048)
[2018.09.29-00.39.17:323][  0]LogTexture: Display: Building textures: ThumbnailTexture (DXT1, 512X512)
[2018.09.29-00.39.17:323][  0]LogTexture: Display: Building textures: ThumbnailTexture (DXT1, 512X512)
[2018.09.29-00.39.17:323][  0]LogTexture: Display: Building textures: ThumbnailTexture (DXT1, 512X512)
[2018.09.29-00.39.17:323][  0]LogTexture: Display: Building textures: depositphotos_100771612-stock-illustration-seamless-cartoon-stone-texture-vector (AutoDXT, 1024X1024)
[2018.09.29-00.39.17:323][  0]LogTexture: Display: Building textures: diffuse (AutoDXT, 1024X1024)
[2018.09.29-00.39.17:323][  0]LogTexture: Display: Building textures: grass_hand_painted_texture_by_kirrkirr-d7n655f (AutoDXT, 400X400)
[2018.09.29-00.39.17:323][  0]LogTexture: Display: Building textures: georgy-louis-georgylouis-metal-pannel (AutoDXT, 512X512)
[2018.09.29-00.39.17:323][  0]LogTexture: Display: Building textures: stone_v5 (AutoDXT, 512X512)
[2018.09.29-00.39.17:323][  0]LogTexture: Display: Building textures: JdzLs (AutoDXT, 512X512)
[2018.09.29-00.39.17:323][  0]LogTexture: Display: Building textures: ulrick-wery-tileableset2-rooftiles (AutoDXT, 512X512)
[2018.09.29-00.39.17:323][  0]LogTexture: Display: Building textures: ulrick-wery-tileableset2-groundslab__1_ (AutoDXT, 512X512)
[2018.09.29-00.39.17:323][  0]LogTexture: Display: Building textures: AZULEJO (AutoDXT, 512X512)
[2018.09.29-00.39.17:323][  0]LogTexture: Display: Building textures: T_IB_FlareElements_1_2 (AutoDXT, 512X512)
[2018.09.29-00.39.17:323][  0]LogTexture: Display: Building textures: T_FrozenGroundBlasted_Fade (AutoDXT, 512X512)
[2018.09.29-00.39.17:323][  0]LogTexture: Display: Building textures: T_FrozenGroundBlasted_N (BC5, 512X512)
[2018.09.29-00.39.17:323][  0]LogTexture: Display: Building textures: T_AnimGrid_6_6 (AutoDXT, 1024X1024)
[2018.09.29-00.39.17:323][  0]LogTexture: Display: Building textures: ThumbnailTexture (DXT1, 512X512)
[2018.09.29-00.39.17:323][  0]LogTexture: Display: Building textures: T_HealHeart_02 (AutoDXT, 512X512)
[2018.09.29-00.39.17:325][  0]LogMaterial: Missing cached shader map for material M_Ice_Unlit, compiling. 
[2018.09.29-00.39.17:364][  0]LogMaterial: Missing cached shader map for material M_IceShard, compiling. 
[2018.09.29-00.39.17:542][  0]LogMaterial: Missing cached shader map for material M_Add_Sprite_Pan_Emis_Mask_Master, compiling. 
[2018.09.29-00.39.17:593][  0]LogMaterial: Missing cached shader map for material M_Opaque_MeshEmit_Emis_Master, compiling. 
[2018.09.29-00.39.17:624][  0]LogMaterial: Missing cached shader map for material M_IB_AnimGrid_Trans_MeshEmit, compiling. 
[2018.09.29-00.39.17:740][  0]LogStaticMesh: Building static mesh SM_CombatArea_Base...
[2018.09.29-00.39.17:742][  0]LogStaticMesh: Built static mesh [0.00s] /Game/InfinityBladeEffects/Effects/FX_Meshes/Skills/SM_CombatArea_Base.SM_CombatArea_Base
[2018.09.29-00.39.17:827][  0]LogStaticMesh: Building static mesh SM_Shockwave_01...
[2018.09.29-00.39.17:833][  0]LogStaticMesh: Built static mesh [0.01s] /Game/InfinityBladeEffects/Effects/FX_Meshes/Skills/SM_Shockwave_01.SM_Shockwave_01
[2018.09.29-00.39.17:864][  0]LogMaterial: Missing cached shader map for material M_Targeting_Enemy, compiling. 
[2018.09.29-00.39.17:906][  0]LogMaterial: Missing cached shader map for material M_IB_Flares, compiling. 
[2018.09.29-00.39.17:943][  0]LogStaticMesh: Building static mesh SM_Grid_Base_Anim...
[2018.09.29-00.39.17:945][  0]LogStaticMesh: Built static mesh [0.00s] /Game/InfinityBladeEffects/Effects/FX_Meshes/IB/SM_Grid_Base_Anim.SM_Grid_Base_Anim
[2018.09.29-00.39.18:017][  0]LogMaterial: Missing cached shader map for material M_Add_Trail_2Sided_Pan_Master, compiling. 
[2018.09.29-00.39.18:067][  0]LogMaterial: Missing cached shader map for material M_Add_Trail_2Sided_Pan_Master, compiling. 
[2018.09.29-00.39.18:178][  0]LogMeshUtilities: Finished distance field build in 0.5s - 36x36x22 distance field, 384 triangles, Range [-0.6, 0.9], SM_ShockCylinder_01
[2018.09.29-00.39.18:178][  0]LogMaterial: Missing cached shader map for material 99c19fe9cb58c369f88761446d4d68fb--stone-wall-painting-ground-texture_Mat, compiling. 
[2018.09.29-00.39.18:271][  0]LogStaticMesh: Building static mesh SM_IceWall01...
[2018.09.29-00.39.18:278][  0]LogStaticMesh: Built static mesh [0.01s] /Game/InfinityBladeEffects/Effects/FX_Meshes/ICE/SM_IceWall01.SM_IceWall01
[2018.09.29-00.39.18:480][  0]LogMaterial: Missing cached shader map for material 309f655b2cc1f1335b4e450088106d07--vector-background-paper-patterns_Mat, compiling. 
[2018.09.29-00.39.18:823][  0]LogMaterial: Missing cached shader map for material b6f797a70b411b2d6c4481dac17a323a_Mat, compiling. 
[2018.09.29-00.39.18:846][  0]LogMaterial: Missing cached shader map for material AZx3d_Mat, compiling. 
[2018.09.29-00.39.19:061][  0]LogMeshUtilities: Finished distance field build in 0.8s - 52x54x15 distance field, 1728 triangles, Range [-0.1, 0.8], SM_FireBlastMesh_Twist_01
[2018.09.29-00.39.19:061][  0]LogStaticMesh: Building static mesh SM_SwipeTrail_Spiral_01...
[2018.09.29-00.39.19:064][  0]LogStaticMesh: Built static mesh [0.00s] /Game/InfinityBladeEffects/Effects/FX_Meshes/Skills/SM_SwipeTrail_Spiral_01.SM_SwipeTrail_Spiral_01
[2018.09.29-00.39.19:081][  0]LogStaticMesh: Building static mesh SM_SwipeTrail_Set_01...
[2018.09.29-00.39.19:085][  0]LogStaticMesh: Built static mesh [0.00s] /Game/InfinityBladeEffects/Effects/FX_Meshes/Skills/SM_SwipeTrail_Set_01.SM_SwipeTrail_Set_01
[2018.09.29-00.39.19:229][  0]LogMeshUtilities: Discarded distance field for SM_SwipeTrail_Set_01 as mesh was not closed!  Assign a two-sided material to fix.
[2018.09.29-00.39.19:229][  0]LogMeshUtilities: Finished distance field build in 0.0s - 8x8x8 distance field, 276 triangles, Range [-0.3, 0.8], SM_SwipeTrail_Set_01
[2018.09.29-00.39.19:229][  0]LogMaterial: Missing cached shader map for material f5fc469d3338221b47386341e9ef3d0d_Mat, compiling. 
[2018.09.29-00.39.19:404][  0]LogMaterial: Missing cached shader map for material max-golosiy-newbricks-no-moss-08-basecolor_Mat, compiling. 
[2018.09.29-00.39.19:481][  0]LogMaterial: Missing cached shader map for material Material_002, compiling. 
[2018.09.29-00.39.20:116][  0]LogMaterial: Missing cached shader map for material Wood_Mat, compiling. 
[2018.09.29-00.39.20:269][  0]LogMaterial: Missing cached shader map for material ulrick-wery-tileableset2-groundslab_Mat, compiling. 
[2018.09.29-00.39.20:952][  0]LogAIModule: Creating AISystem for world ThirdPersonExampleMap
[2018.09.29-00.39.21:159][  0]LogEditorServer: Finished looking for orphan Actors (0.000 secs)
[2018.09.29-00.39.21:189][  0]Cmd: MAP CHECKDEP NOCLEARLOG
[2018.09.29-00.39.21:271][  0]MapCheck: Map check complete: 0 Error(s), 0 Warning(s), took 81.612ms to complete.
[2018.09.29-00.39.21:271][  0]LogFileHelpers: Loading map 'ThirdPersonExampleMap' took 25.785
[2018.09.29-00.39.21:712][  0]LogMeshUtilities: Finished distance field build in 1.6s - 64x43x38 distance field, 28 triangles, Range [-0.2, 0.4], RightArm_StaticMesh
[2018.09.29-00.39.21:712][  0]LogCollectionManager: Loaded 0 collections in 0.001291 seconds
[2018.09.29-00.39.21:856][  0]LogFileCache: Scanning file cache for directory 'D:/Users/rogerio freitas/Documents/Unreal Projects/TEXTURAS/Saved/Collections/' took 0.01s
[2018.09.29-00.39.21:856][  0]LogFileCache: Scanning file cache for directory 'D:/Users/rogerio freitas/Documents/Unreal Projects/TEXTURAS/Content/Developers/rogeriofreitas/Collections/' took 0.01s
[2018.09.29-00.39.21:856][  0]LogFileCache: Scanning file cache for directory 'D:/Users/rogerio freitas/Documents/Unreal Projects/TEXTURAS/Content/Collections/' took 0.01s
[2018.09.29-00.39.21:856][  0]LogCollectionManager: Rebuilt the GUID cache for 0 collections in 0.000001 seconds
[2018.09.29-00.39.21:881][  0]LogContentBrowser: Native class hierarchy populated in 0.0227 seconds. Added 2386 classes and 500 folders.
[2018.09.29-00.39.21:975][  0]LogContentBrowser: Native class hierarchy updated for 'WidgetCarousel' in 0.0012 seconds. Added 0 classes and 0 folders.
[2018.09.29-00.39.22:572][  0]LogContentBrowser: Native class hierarchy updated for 'AddContentDialog' in 0.0011 seconds. Added 0 classes and 0 folders.
[2018.09.29-00.39.22:680][  0]LogContentBrowser: Native class hierarchy updated for 'SceneOutliner' in 0.0009 seconds. Added 1 classes and 2 folders.
[2018.09.29-00.39.22:833][  0]LogContentBrowser: Native class hierarchy updated for 'WorldBrowser' in 0.0010 seconds. Added 2 classes and 3 folders.
[2018.09.29-00.39.23:120][  0]LogSlate: Took 0.000269 seconds to synchronously load lazily loaded font '../../../Engine/Content/Slate/Fonts/Roboto-Regular.ttf' (155K)
[2018.09.29-00.39.23:129][  0]LogSlate: Took 0.000256 seconds to synchronously load lazily loaded font '../../../Engine/Content/Slate/Fonts/Roboto-Bold.ttf' (160K)
[2018.09.29-00.39.23:169][  0]LogSlate: Took 0.010953 seconds to synchronously load lazily loaded font '../../../Engine/Content/Editor/Slate/Fonts/FontAwesome.ttf' (139K)
[2018.09.29-00.39.23:509][  0]LogRenderer: Reallocating scene render targets to support 772x340 Format 10 NumSamples 1 (Frame:1).
[2018.09.29-00.39.23:543][  0]LogStaticMesh: Allocated 496x163x64 distance field atlas = 9.9Mb, with 42 objects containing 4.4Mb backing data
[2018.09.29-00.39.23:971][  0]LogContentBrowser: Native class hierarchy updated for 'HierarchicalLODOutliner' in 0.0009 seconds. Added 1 classes and 2 folders.
[2018.09.29-00.39.23:971][  0]LogLoad: (Engine Initialization) Total time: 40.59 seconds
[2018.09.29-00.39.23:971][  0]LogLoad: (Engine Initialization) Total Blueprint compile time: 0.00 seconds
[2018.09.29-00.39.23:971][  0]LogExternalProfiler: Found external profiler: VSPerf
[2018.09.29-00.39.23:971][  0]LogExternalProfiler: Using external profiler: VSPerf
[2018.09.29-00.39.24:012][  0]LogContentStreaming: Texture pool size now 1000 MB
[2018.09.29-00.39.24:198][  0]LogMeshUtilities: Finished distance field build in 0.1s - 15x15x15 distance field, 12 triangles, Range [-0.7, 1.0], 1M_Cube
[2018.09.29-00.39.24:410][  4]LogMeshUtilities: Finished distance field build in 0.1s - 15x15x15 distance field, 204 triangles, Range [-0.7, 0.5], 1M_Cube_Chamfer
[2018.09.29-00.39.24:410][  4]LogAssetRegistry: Asset discovery search completed in 36.9918 seconds
[2018.09.29-00.39.24:416][  4]LogCollectionManager: Rebuilt the object cache for 0 collections in 0.000001 seconds (found 0 objects)
[2018.09.29-00.39.24:416][  4]LogCollectionManager: Fixed up redirectors for 0 collections in 0.000082 seconds (updated 0 objects)
[2018.09.29-00.39.24:912][ 32]LogMeshUtilities: Finished distance field build in 0.4s - 54x54x8 distance field, 240 triangles, Range [-0.1, 1.0], SM_AuraCircle_03_Twist
[2018.09.29-00.39.25:032][ 39]LogSlate: Took 0.012753 seconds to synchronously load lazily loaded font '../../../Engine/Content/Slate/Fonts/Roboto-Light.ttf' (159K)
[2018.09.29-00.39.25:776][ 81]LogMeshUtilities: Finished distance field build in 0.8s - 23x37x40 distance field, 408 triangles, Range [-0.1, 1.0], SM_IceWall01
[2018.09.29-00.39.27:043][170]LogMeshUtilities: Finished distance field build in 1.2s - 64x64x25 distance field, 120 triangles, Range [-0.0, 1.0], SM_Grid_Base_Anim
[2018.09.29-00.39.27:084][173]LogStaticMesh: Allocated 510x171x64 distance field atlas = 10.6Mb, with 62 objects containing 5.5Mb backing data
[2018.09.29-00.39.27:128][175]LogMeshUtilities: Discarded distance field for SM_CombatArea_Base as mesh was not closed!  Assign a two-sided material to fix.
[2018.09.29-00.39.27:128][175]LogMeshUtilities: Finished distance field build in 0.0s - 8x8x8 distance field, 40 triangles, Range [-0.4, 1.0], SM_CombatArea_Base
[2018.09.29-00.39.27:218][181]LogMeshUtilities: Finished distance field build in 0.0s - 8x8x8 distance field, 180 triangles, Range [-0.4, 0.8], JointSphere
[2018.09.29-00.39.27:301][189]LogMeshUtilities: Finished distance field build in 0.0s - 8x8x8 distance field, 440 triangles, Range [-0.0, 0.4], SM_Dialog_Close
[2018.09.29-00.39.27:394][197]LogMeshUtilities: Finished distance field build in 0.0s - 8x8x8 distance field, 240 triangles, Range [-0.0, 0.4], SM_Dialog_Move
[2018.09.29-00.39.27:478][204]LogMeshUtilities: Finished distance field build in 0.0s - 8x8x8 distance field, 744 triangles, Range [1.0, 1.0], SM_Radial_Pointer
[2018.09.29-00.39.27:571][212]LogMeshUtilities: Finished distance field build in 0.0s - 8x8x8 distance field, 5818 triangles, Range [-0.0, 0.7], GenericHMD
[2018.09.29-00.39.27:666][220]LogMeshUtilities: Finished distance field build in 0.0s - 8x8x8 distance field, 12554 triangles, Range [-0.1, 1.0], OculusControllerMesh
[2018.09.29-00.39.27:764][229]LogMeshUtilities: Finished distance field build in 0.0s - 8x8x8 distance field, 528 triangles, Range [-0.4, 0.9], HoverMesh
[2018.09.29-00.39.27:855][237]LogMeshUtilities: Discarded distance field for LaserPointerMesh as mesh was not closed!  Assign a two-sided material to fix.
[2018.09.29-00.39.27:855][237]LogMeshUtilities: Finished distance field build in 0.0s - 8x8x8 distance field, 1024 triangles, Range [-0.5, 0.6], LaserPointerMesh
[2018.09.29-00.39.28:306][284]LogSlate: Took 0.000239 seconds to synchronously load lazily loaded font '../../../Engine/Content/Slate/Fonts/Roboto-Light.ttf' (159K)
[2018.09.29-00.42.06:229][973]LogSlate: Took 0.000137 seconds to synchronously load lazily loaded font '../../../Engine/Content/Slate/Fonts/Roboto-Light.ttf' (159K)
[2018.09.29-00.42.06:363][973]LogFactory: FactoryCreateFile: FileMediaSource with AvfFileMediaSourceFactory (0 0 F:/recalboxintro.mp4)
[2018.09.29-00.42.32:578][ 46]LogMaterial: Missing cached shader map for material NewMediaTexture_Mat, compiling. 
[2018.09.29-00.42.48:013][851]LogContentBrowser: Native class hierarchy updated for 'TextureEditor' in 0.0006 seconds. Added 1 classes and 2 folders.
[2018.09.29-00.43.01:557][241]Cmd: OBJ SAVEPACKAGE PACKAGE="/Game/Geometry/NewMediaTexture" FILE="../../../../../../Users/rogerio freitas/Documents/Unreal Projects/TEXTURAS/Content/Geometry/NewMediaTexture.uasset" SILENT=true
[2018.09.29-00.43.01:602][241]LogSavePackage: Save=30.10ms
[2018.09.29-00.43.01:602][241]LogSavePackage: Moving '../../../../../../Users/rogerio freitas/Documents/Unreal Projects/TEXTURAS/Saved/NewMediaTexture8725834B48856ABC56403B82032BDDA6.tmp' to '../../../../../../Users/rogerio freitas/Documents/Unreal Projects/TEXTURAS/Content/Geometry/NewMediaTexture.uasset'
[2018.09.29-00.43.01:602][241]LogSavePackage: Display: Finished SavePackage ../../../../../../Users/rogerio freitas/Documents/Unreal Projects/TEXTURAS/Content/Geometry/NewMediaTexture.uasset
[2018.09.29-00.43.01:616][241]Cmd: OBJ SAVEPACKAGE PACKAGE="/Game/Geometry/NewMediaTexture_Mat" FILE="../../../../../../Users/rogerio freitas/Documents/Unreal Projects/TEXTURAS/Content/Geometry/NewMediaTexture_Mat.uasset" SILENT=true
[2018.09.29-00.43.01:626][241]LogSavePackage: Save=9.74ms
[2018.09.29-00.43.01:626][241]LogSavePackage: Moving '../../../../../../Users/rogerio freitas/Documents/Unreal Projects/TEXTURAS/Saved/NewMediaTexture_Mat6A2B37C04D8E33C98E7D66914D3E6AAC.tmp' to '../../../../../../Users/rogerio freitas/Documents/Unreal Projects/TEXTURAS/Content/Geometry/NewMediaTexture_Mat.uasset'
[2018.09.29-00.43.01:627][241]LogSavePackage: Display: Finished SavePackage ../../../../../../Users/rogerio freitas/Documents/Unreal Projects/TEXTURAS/Content/Geometry/NewMediaTexture_Mat.uasset
[2018.09.29-00.43.01:630][241]Cmd: OBJ SAVEPACKAGE PACKAGE="/Game/Geometry/recalboxintro" FILE="../../../../../../Users/rogerio freitas/Documents/Unreal Projects/TEXTURAS/Content/Geometry/recalboxintro.uasset" SILENT=true
[2018.09.29-00.43.01:631][241]LogSavePackage: Save=0.80ms
[2018.09.29-00.43.01:631][241]LogSavePackage: Moving '../../../../../../Users/rogerio freitas/Documents/Unreal Projects/TEXTURAS/Saved/recalboxintro1D725BD24A4E8D2B45850593776674EB.tmp' to '../../../../../../Users/rogerio freitas/Documents/Unreal Projects/TEXTURAS/Content/Geometry/recalboxintro.uasset'
[2018.09.29-00.43.01:632][241]LogSavePackage: Display: Finished SavePackage ../../../../../../Users/rogerio freitas/Documents/Unreal Projects/TEXTURAS/Content/Geometry/recalboxintro.uasset
[2018.09.29-00.43.01:940][241]LogSavePackage: Save=135.24ms
[2018.09.29-00.43.01:940][241]LogSavePackage: Moving '../../../../../../Users/rogerio freitas/Documents/Unreal Projects/TEXTURAS/Saved/ThirdPersonExampleMap94A3A3E142B0B5F33E4D5797A7FC1542.tmp' to '../../../../../../Users/rogerio freitas/Documents/Unreal Projects/TEXTURAS/Content/ThirdPersonBP/Maps/ThirdPersonExampleMap.umap'
[2018.09.29-00.43.01:941][241]LogSavePackage: Display: Finished SavePackage ../../../../../../Users/rogerio freitas/Documents/Unreal Projects/TEXTURAS/Content/ThirdPersonBP/Maps/ThirdPersonExampleMap.umap
[2018.09.29-00.43.01:965][241]LogFileHelpers: Saving map 'ThirdPersonExampleMap' took 0.331
[2018.09.29-00.43.21:057][375]Cmd: OBJ SAVEPACKAGE PACKAGE="/Game/Geometry/NewMediaTexture" FILE="../../../../../../Users/rogerio freitas/Documents/Unreal Projects/TEXTURAS/Content/Geometry/NewMediaTexture.uasset" SILENT=true
[2018.09.29-00.43.21:061][375]LogSavePackage: Save=0.91ms
[2018.09.29-00.43.21:061][375]LogSavePackage: Moving '../../../../../../Users/rogerio freitas/Documents/Unreal Projects/TEXTURAS/Saved/NewMediaTexture97E82C3246227EBF5433F28EA01896E8.tmp' to '../../../../../../Users/rogerio freitas/Documents/Unreal Projects/TEXTURAS/Content/Geometry/NewMediaTexture.uasset'
[2018.09.29-00.43.21:061][375]LogSavePackage: Display: Finished SavePackage ../../../../../../Users/rogerio freitas/Documents/Unreal Projects/TEXTURAS/Content/Geometry/NewMediaTexture.uasset
[2018.09.29-00.44.03:453][244]LogMaterial: Missing cached shader map for material NewMediaTexture_Mat, compiling. 
[2018.09.29-00.44.03:463][244]LogMaterial: Warning: Failed to compile Material /Game/Geometry/NewMediaTexture_Mat.NewMediaTexture_Mat for platform PCD3D_SM5, Default Material will be used in game.
[2018.09.29-00.44.03:463][244]LogMaterial: Warning: 	(Node TextureSample) Texture Sample> Missing input texture
[2018.09.29-00.44.06:886][435]Cmd: OBJ SAVEPACKAGE PACKAGE="/Game/Geometry/NewMediaPlayer" FILE="../../../../../../Users/rogerio freitas/Documents/Unreal Projects/TEXTURAS/Content/Geometry/NewMediaPlayer.uasset" SILENT=true
[2018.09.29-00.44.06:888][435]LogSavePackage: Save=0.99ms
[2018.09.29-00.44.06:888][435]LogSavePackage: Moving '../../../../../../Users/rogerio freitas/Documents/Unreal Projects/TEXTURAS/Saved/NewMediaPlayerC9C9857E49F35F81AFB60CBE4CEA8129.tmp' to '../../../../../../Users/rogerio freitas/Documents/Unreal Projects/TEXTURAS/Content/Geometry/NewMediaPlayer.uasset'
[2018.09.29-00.44.06:889][435]LogSavePackage: Display: Finished SavePackage ../../../../../../Users/rogerio freitas/Documents/Unreal Projects/TEXTURAS/Content/Geometry/NewMediaPlayer.uasset
[2018.09.29-00.44.06:897][435]LogSavePackage: Save=0.88ms
[2018.09.29-00.44.06:897][435]LogSavePackage: Moving '../../../../../../Users/rogerio freitas/Documents/Unreal Projects/TEXTURAS/Saved/NewMediaPlayer_VideoAC694E81460D72BC63E45DA2AAF6DEA0.tmp' to '../../../../../../Users/rogerio freitas/Documents/Unreal Projects/TEXTURAS/Content/Geometry/NewMediaPlayer_Video.uasset'
[2018.09.29-00.44.06:898][435]LogSavePackage: Display: Finished SavePackage ../../../../../../Users/rogerio freitas/Documents/Unreal Projects/TEXTURAS/Content/Geometry/NewMediaPlayer_Video.uasset
[2018.09.29-00.44.07:070][435]LogSavePackage: Save=97.43ms
[2018.09.29-00.44.07:070][435]LogSavePackage: Moving '../../../../../../Users/rogerio freitas/Documents/Unreal Projects/TEXTURAS/Saved/ThirdPersonExampleMap72716A2D4EB6DD312685B4BF185B5460.tmp' to '../../../../../../Users/rogerio freitas/Documents/Unreal Projects/TEXTURAS/Content/ThirdPersonBP/Maps/ThirdPersonExampleMap.umap'
[2018.09.29-00.44.07:072][435]LogSavePackage: Display: Finished SavePackage ../../../../../../Users/rogerio freitas/Documents/Unreal Projects/TEXTURAS/Content/ThirdPersonBP/Maps/ThirdPersonExampleMap.umap
[2018.09.29-00.44.07:092][435]LogFileHelpers: Saving map 'ThirdPersonExampleMap' took 0.190
[2018.09.29-00.44.14:420][289]LogMaterial: Missing cached shader map for material NewMediaPlayer_Video_Mat, compiling. 
[2018.09.29-00.44.20:183][798]LogSavePackage: Save=9.21ms
[2018.09.29-00.44.20:183][798]LogSavePackage: Moving '../../../../../../Users/rogerio freitas/Documents/Unreal Projects/TEXTURAS/Saved/NewMediaPlayer_Video_Mat801DE44D4A5526003324508D8A028F26.tmp' to '../../../../../../Users/rogerio freitas/Documents/Unreal Projects/TEXTURAS/Content/Geometry/NewMediaPlayer_Video_Mat.uasset'
[2018.09.29-00.44.20:183][798]LogSavePackage: Display: Finished SavePackage ../../../../../../Users/rogerio freitas/Documents/Unreal Projects/TEXTURAS/Content/Geometry/NewMediaPlayer_Video_Mat.uasset
[2018.09.29-00.44.20:358][798]LogSavePackage: Save=97.32ms
[2018.09.29-00.44.20:358][798]LogSavePackage: Moving '../../../../../../Users/rogerio freitas/Documents/Unreal Projects/TEXTURAS/Saved/ThirdPersonExampleMap942EF58B4DDB92764993F89786077AAE.tmp' to '../../../../../../Users/rogerio freitas/Documents/Unreal Projects/TEXTURAS/Content/ThirdPersonBP/Maps/ThirdPersonExampleMap.umap'
[2018.09.29-00.44.20:360][798]LogSavePackage: Display: Finished SavePackage ../../../../../../Users/rogerio freitas/Documents/Unreal Projects/TEXTURAS/Content/ThirdPersonBP/Maps/ThirdPersonExampleMap.umap
[2018.09.29-00.44.20:380][798]LogFileHelpers: Saving map 'ThirdPersonExampleMap' took 0.193
[2018.09.29-00.44.21:655][947]LogMaterial: Missing cached shader map for material Material_0, compiling. 
[2018.09.29-00.44.21:716][947]LogContentBrowser: Verbose: The majority of assets in the view are of type: FileMediaSource
[2018.09.29-00.44.42:810][998]Cmd: OBJ SAVEPACKAGE PACKAGE="/Game/Geometry/NewMediaPlayer" FILE="../../../../../../Users/rogerio freitas/Documents/Unreal Projects/TEXTURAS/Content/Geometry/NewMediaPlayer.uasset" SILENT=true
[2018.09.29-00.44.42:814][998]LogSavePackage: Save=0.83ms
[2018.09.29-00.44.42:814][998]LogSavePackage: Moving '../../../../../../Users/rogerio freitas/Documents/Unreal Projects/TEXTURAS/Saved/NewMediaPlayerEE5BC6CA4F2C9F2F6F04F29353ED8E43.tmp' to '../../../../../../Users/rogerio freitas/Documents/Unreal Projects/TEXTURAS/Content/Geometry/NewMediaPlayer.uasset'
[2018.09.29-00.44.42:815][998]LogSavePackage: Display: Finished SavePackage ../../../../../../Users/rogerio freitas/Documents/Unreal Projects/TEXTURAS/Content/Geometry/NewMediaPlayer.uasset
[2018.09.29-00.45.08:474][739]LogSavePackage: Save=100.74ms
[2018.09.29-00.45.08:474][739]LogSavePackage: Moving '../../../../../../Users/rogerio freitas/Documents/Unreal Projects/TEXTURAS/Saved/ThirdPersonExampleMap353C57614D185B8E17A197B2ABE61B9D.tmp' to '../../../../../../Users/rogerio freitas/Documents/Unreal Projects/TEXTURAS/Content/ThirdPersonBP/Maps/ThirdPersonExampleMap.umap'
[2018.09.29-00.45.08:476][739]LogSavePackage: Display: Finished SavePackage ../../../../../../Users/rogerio freitas/Documents/Unreal Projects/TEXTURAS/Content/ThirdPersonBP/Maps/ThirdPersonExampleMap.umap
[2018.09.29-00.45.08:497][739]LogFileHelpers: Saving map 'ThirdPersonExampleMap' took 0.199
[2018.09.29-00.47.16:069][813]LogSavePackage: Save=99.44ms
[2018.09.29-00.47.16:069][813]LogSavePackage: Moving '../../../../../../Users/rogerio freitas/Documents/Unreal Projects/TEXTURAS/Saved/ThirdPersonExampleMap5BC779464C95414212A9939106527F45.tmp' to '../../../../../../Users/rogerio freitas/Documents/Unreal Projects/TEXTURAS/Content/ThirdPersonBP/Maps/ThirdPersonExampleMap.umap'
[2018.09.29-00.47.16:071][813]LogSavePackage: Display: Finished SavePackage ../../../../../../Users/rogerio freitas/Documents/Unreal Projects/TEXTURAS/Content/ThirdPersonBP/Maps/ThirdPersonExampleMap.umap
[2018.09.29-00.47.16:091][813]LogFileHelpers: Saving map 'ThirdPersonExampleMap' took 0.198
[2018.09.29-00.49.44:420][304]LogWindows: Windows GetLastError: A operação foi concluída com êxito. (0)
